0 verbose cli C:\Program Files\nodejs\node.exe C:\Program Files\nodejs\node_modules\npm\bin\npm-cli.js
1 info using npm@10.2.4
2 info using node@v20.11.0
3 timing npm:load:whichnode Completed in 2ms
4 timing config:load:defaults Completed in 2ms
5 timing config:load:file:C:\Program Files\nodejs\node_modules\npm\npmrc Completed in 3ms
6 timing config:load:builtin Completed in 3ms
7 timing config:load:cli Completed in 1ms
8 timing config:load:env Completed in 0ms
9 timing config:load:file:C:\Users\user\pw2if31\latihan-react-wilfridasisilia\my-react\.npmrc Completed in 0ms
10 timing config:load:project Completed in 1ms
11 timing config:load:file:C:\Users\user\.npmrc Completed in 0ms
12 timing config:load:user Completed in 1ms
13 timing config:load:file:C:\Users\user\pw2if31\latihan-react-wilfridasisilia\my-react\UsersuserAppDataRoamingnpm\etc\npmrc Completed in 0ms
14 timing config:load:global Completed in 0ms
15 timing config:load:setEnvs Completed in 0ms
16 timing config:load Completed in 9ms
17 timing npm:load:configload Completed in 9ms
18 timing config:load:flatten Completed in 1ms
19 timing npm:load:mkdirpcache Completed in 1ms
20 timing npm:load:mkdirplogs Completed in 1ms
21 verbose title npm install reat-router-dom
22 verbose argv "install" "reat-router-dom"
23 timing npm:load:setTitle Completed in 1ms
24 timing npm:load:display Completed in 0ms
25 verbose logfile logs-max:10 dir:C:\Users\user\pw2if31\latihan-react-wilfridasisilia\my-react\UsersuserAppDataRoamingnpm-cache\_logs\2024-09-30T12_36_03_003Z-
26 verbose logfile C:\Users\user\pw2if31\latihan-react-wilfridasisilia\my-react\UsersuserAppDataRoamingnpm-cache\_logs\2024-09-30T12_36_03_003Z-debug-0.log
27 timing npm:load:logFile Completed in 13ms
28 timing npm:load:timers Completed in 0ms
29 timing npm:load:configScope Completed in 0ms
30 timing npm:load Completed in 53ms
31 timing arborist:ctor Completed in 0ms
32 silly logfile done cleaning log files
33 timing idealTree:init Completed in 437ms
34 timing idealTree:userRequests Completed in 1ms
35 silly idealTree buildDeps
36 silly fetch manifest reat-router-dom@*
37 verbose shrinkwrap failed to load node_modules/.package-lock.json out of date, updated: node_modules
38 http fetch GET 404 https://registry.npmjs.org/reat-router-dom 1113ms (cache skip)
39 http fetch GET 404 https://registry.npmjs.org/reat-router-dom 606ms (cache skip)
40 silly placeDep ROOT reat-router-dom@ OK for: my-react@0.1.0 want: *
41 timing idealTree:#root Completed in 1726ms
42 timing idealTree:node_modules/reat-router-dom Completed in 0ms
43 timing idealTree:buildDeps Completed in 1726ms
44 timing idealTree:fixDepFlags Completed in 6ms
45 timing idealTree Completed in 2171ms
46 timing command:install Completed in 2178ms
47 verbose stack HttpErrorGeneral: 404 Not Found - GET https://registry.npmjs.org/reat-router-dom - Not found
47 verbose stack     at C:\Program Files\nodejs\node_modules\npm\node_modules\npm-registry-fetch\lib\check-response.js:95:15
47 verbose stack     at process.processTicksAndRejections (node:internal/process/task_queues:95:5)
47 verbose stack     at async RegistryFetcher.packument (C:\Program Files\nodejs\node_modules\npm\node_modules\pacote\lib\registry.js:87:19)
47 verbose stack     at async RegistryFetcher.manifest (C:\Program Files\nodejs\node_modules\npm\node_modules\pacote\lib\registry.js:118:23)
47 verbose stack     at async #nodeFromEdge (C:\Program Files\nodejs\node_modules\npm\node_modules\@npmcli\arborist\lib\arborist\build-ideal-tree.js:1049:19)
47 verbose stack     at async #buildDepStep (C:\Program Files\nodejs\node_modules\npm\node_modules\@npmcli\arborist\lib\arborist\build-ideal-tree.js:917:11)
47 verbose stack     at async Arborist.buildIdealTree (C:\Program Files\nodejs\node_modules\npm\node_modules\@npmcli\arborist\lib\arborist\build-ideal-tree.js:196:7)
47 verbose stack     at async Promise.all (index 1)
47 verbose stack     at async Arborist.reify (C:\Program Files\nodejs\node_modules\npm\node_modules\@npmcli\arborist\lib\arborist\reify.js:159:5)
47 verbose stack     at async Install.exec (C:\Program Files\nodejs\node_modules\npm\lib\commands\install.js:152:5)
48 verbose statusCode 404
49 verbose pkgid reat-router-dom@*
50 verbose cwd C:\Users\user\pw2if31\latihan-react-wilfridasisilia\my-react
51 verbose Windows_NT 10.0.22631
52 verbose node v20.11.0
53 verbose npm  v10.2.4
54 error code E404
55 error 404 Not Found - GET https://registry.npmjs.org/reat-router-dom - Not found
56 error 404
57 error 404  'reat-router-dom@*' is not in this registry.
58 error 404
58 error 404 Note that you can also install from a
59 error 404 tarball, folder, http url, or git url.
60 verbose exit 1
61 timing npm Completed in 2450ms
62 verbose unfinished npm timer reify 1727699763268
63 verbose unfinished npm timer reify:loadTrees 1727699763272
64 verbose code 1
65 error A complete log of this run can be found in: C:\Users\user\pw2if31\latihan-react-wilfridasisilia\my-react\UsersuserAppDataRoamingnpm-cache\_logs\2024-09-30T12_36_03_003Z-debug-0.log
