0 verbose cli C:\Program Files\nodejs\node.exe C:\npm-global\node_modules\npm\bin\npm-cli.js
1 info using npm@10.9.0
2 info using node@v20.11.0
3 silly config load:file:C:\npm-global\node_modules\npm\npmrc
4 silly config load:file:c:\Users\user\pw2if31\latihan-react-wilfridasisilia\my-react\.npmrc
5 silly config load:file:C:\Users\user\.npmrc
6 silly config load:file:C:\npm-global\etc\npmrc
7 verbose title npm view @testing-library/user-event description dist-tags.latest homepage version time
8 verbose argv "view" "--json" "--" "@testing-library/user-event" "description" "dist-tags.latest" "homepage" "version" "time"
9 verbose logfile logs-max:10 dir:C:\Users\user\pw2if31\latihan-react-wilfridasisilia\my-react\UsersuserAppDataRoamingnpm-cache\_logs\2024-10-14T11_33_49_319Z-
10 verbose logfile C:\Users\user\pw2if31\latihan-react-wilfridasisilia\my-react\UsersuserAppDataRoamingnpm-cache\_logs\2024-10-14T11_33_49_319Z-debug-0.log
11 silly logfile done cleaning log files
12 http fetch GET 200 https://registry.npmjs.org/npm 556ms
13 http fetch GET 200 https://registry.npmjs.org/@testing-library%2fuser-event 529ms (cache miss)
14 verbose cwd c:\Users\user\pw2if31\latihan-react-wilfridasisilia\my-react
15 verbose os Windows_NT 10.0.22631
16 verbose node v20.11.0
17 verbose npm  v10.9.0
18 verbose exit 0
19 info ok
