0 verbose cli C:\Program Files\nodejs\node.exe C:\npm-global\node_modules\npm\bin\npm-cli.js
1 info using npm@10.9.0
2 info using node@v20.11.0
3 silly config load:file:C:\npm-global\node_modules\npm\npmrc
4 silly config load:file:C:\Users\user\pw2if31\latihan-react-wilfridasisilia\latihan-api\.npmrc
5 silly config load:file:C:\Users\user\.npmrc
6 silly config load:file:C:\npm-global\etc\npmrc
7 verbose title npm install axios json-server
8 verbose argv "install" "axios" "json-server"
9 verbose logfile logs-max:10 dir:C:\Users\user\pw2if31\latihan-react-wilfridasisilia\latihan-api\UsersuserAppDataRoamingnpm-cache\_logs\2024-10-14T12_48_30_439Z-
10 verbose logfile C:\Users\user\pw2if31\latihan-react-wilfridasisilia\latihan-api\UsersuserAppDataRoamingnpm-cache\_logs\2024-10-14T12_48_30_439Z-debug-0.log
11 silly logfile start cleaning logs, removing 2 files
12 silly packumentCache heap:4345298944 maxSize:1086324736 maxEntrySize:543162368
13 silly logfile done cleaning log files
14 silly idealTree buildDeps
15 silly fetch manifest axios@^1.7.7
16 silly packumentCache full:https://registry.npmjs.org/axios cache-miss
17 http fetch GET 200 https://registry.npmjs.org/axios 407ms (cache revalidated)
18 silly packumentCache full:https://registry.npmjs.org/axios set size:585067 disposed:false
19 silly fetch manifest json-server@*
20 silly packumentCache full:https://registry.npmjs.org/json-server cache-miss
21 http fetch GET 200 https://registry.npmjs.org/json-server 146ms (cache miss)
22 silly packumentCache full:https://registry.npmjs.org/json-server set size:undefined disposed:false
23 silly placeDep ROOT axios@1.7.7 REPLACE for: latihan-api@0.1.0 want: ^1.7.7
24 silly placeDep ROOT json-server@1.0.0-beta.3 OK for: latihan-api@0.1.0 want: *
25 silly fetch manifest @tinyhttp/app@^2.4.0
26 silly packumentCache full:https://registry.npmjs.org/@tinyhttp%2fapp cache-miss
27 silly fetch manifest @tinyhttp/cors@^2.0.1
28 silly packumentCache full:https://registry.npmjs.org/@tinyhttp%2fcors cache-miss
29 silly fetch manifest @tinyhttp/logger@^2.0.0
30 silly packumentCache full:https://registry.npmjs.org/@tinyhttp%2flogger cache-miss
31 silly fetch manifest chalk@^5.3.0
32 silly packumentCache full:https://registry.npmjs.org/chalk cache-miss
33 silly fetch manifest chokidar@^4.0.1
34 silly packumentCache full:https://registry.npmjs.org/chokidar cache-miss
35 silly fetch manifest dot-prop@^9.0.0
36 silly packumentCache full:https://registry.npmjs.org/dot-prop cache-miss
37 silly fetch manifest eta@^3.5.0
38 silly packumentCache full:https://registry.npmjs.org/eta cache-miss
39 silly fetch manifest inflection@^3.0.0
40 silly packumentCache full:https://registry.npmjs.org/inflection cache-miss
41 silly fetch manifest json5@^2.2.3
42 silly packumentCache full:https://registry.npmjs.org/json5 cache-miss
43 silly fetch manifest lowdb@^7.0.1
44 silly packumentCache full:https://registry.npmjs.org/lowdb cache-miss
45 silly fetch manifest milliparsec@^4.0.0
46 silly packumentCache full:https://registry.npmjs.org/milliparsec cache-miss
47 http fetch GET 200 https://registry.npmjs.org/chokidar 288ms (cache miss)
48 silly packumentCache full:https://registry.npmjs.org/chokidar set size:undefined disposed:false
49 silly fetch manifest sirv@^2.0.4
50 silly packumentCache full:https://registry.npmjs.org/sirv cache-miss
51 http fetch GET 200 https://registry.npmjs.org/inflection 295ms (cache miss)
52 silly packumentCache full:https://registry.npmjs.org/inflection set size:undefined disposed:false
53 silly fetch manifest sort-on@^6.1.0
54 silly packumentCache full:https://registry.npmjs.org/sort-on cache-miss
55 http fetch GET 200 https://registry.npmjs.org/chalk 309ms (cache revalidated)
56 silly packumentCache full:https://registry.npmjs.org/chalk set size:141429 disposed:false
57 http fetch GET 200 https://registry.npmjs.org/json5 309ms (cache revalidated)
58 silly packumentCache full:https://registry.npmjs.org/json5 set size:86136 disposed:false
59 http fetch GET 200 https://registry.npmjs.org/dot-prop 314ms (cache miss)
60 silly packumentCache full:https://registry.npmjs.org/dot-prop set size:undefined disposed:false
61 http fetch GET 200 https://registry.npmjs.org/lowdb 328ms (cache miss)
62 silly packumentCache full:https://registry.npmjs.org/lowdb set size:undefined disposed:false
63 http fetch GET 200 https://registry.npmjs.org/sirv 108ms (cache miss)
64 silly packumentCache full:https://registry.npmjs.org/sirv set size:undefined disposed:false
65 http fetch GET 200 https://registry.npmjs.org/milliparsec 909ms (cache miss)
66 silly packumentCache full:https://registry.npmjs.org/milliparsec set size:undefined disposed:false
67 http fetch GET 200 https://registry.npmjs.org/eta 937ms (cache miss)
68 silly packumentCache full:https://registry.npmjs.org/eta set size:undefined disposed:false
69 http fetch GET 200 https://registry.npmjs.org/sort-on 725ms (cache miss)
70 silly packumentCache full:https://registry.npmjs.org/sort-on set size:undefined disposed:false
71 http fetch GET 200 https://registry.npmjs.org/@tinyhttp%2fapp 1738ms (cache miss)
72 silly packumentCache full:https://registry.npmjs.org/@tinyhttp%2fapp set size:undefined disposed:false
73 http fetch GET 200 https://registry.npmjs.org/@tinyhttp%2fcors 1798ms (cache miss)
74 silly packumentCache full:https://registry.npmjs.org/@tinyhttp%2fcors set size:undefined disposed:false
75 http fetch GET 200 https://registry.npmjs.org/@tinyhttp%2flogger 1849ms (cache miss)
76 silly packumentCache full:https://registry.npmjs.org/@tinyhttp%2flogger set size:undefined disposed:false
77 silly placeDep ROOT @tinyhttp/app@2.4.0 OK for: json-server@1.0.0-beta.3 want: ^2.4.0
78 silly placeDep ROOT @tinyhttp/cors@2.0.1 OK for: json-server@1.0.0-beta.3 want: ^2.0.1
79 silly placeDep ROOT @tinyhttp/logger@2.0.0 OK for: json-server@1.0.0-beta.3 want: ^2.0.0
80 silly placeDep node_modules/json-server chalk@5.3.0 OK for: json-server@1.0.0-beta.3 want: ^5.3.0
81 silly placeDep node_modules/json-server chokidar@4.0.1 OK for: json-server@1.0.0-beta.3 want: ^4.0.1
82 silly placeDep ROOT dot-prop@9.0.0 OK for: json-server@1.0.0-beta.3 want: ^9.0.0
83 silly placeDep ROOT eta@3.5.0 OK for: json-server@1.0.0-beta.3 want: ^3.5.0
84 silly placeDep ROOT inflection@3.0.0 OK for: json-server@1.0.0-beta.3 want: ^3.0.0
85 silly placeDep node_modules/json-server json5@2.2.3 OK for: json-server@1.0.0-beta.3 want: ^2.2.3
86 silly placeDep ROOT lowdb@7.0.1 OK for: json-server@1.0.0-beta.3 want: ^7.0.1
87 silly placeDep ROOT milliparsec@4.0.0 OK for: json-server@1.0.0-beta.3 want: ^4.0.0
88 silly placeDep ROOT sirv@2.0.4 OK for: json-server@1.0.0-beta.3 want: ^2.0.4
89 silly placeDep ROOT sort-on@6.1.0 OK for: json-server@1.0.0-beta.3 want: ^6.1.0
90 silly fetch manifest header-range-parser@1.1.3
91 silly packumentCache full:https://registry.npmjs.org/header-range-parser cache-miss
92 silly fetch manifest regexparam@^2.0.2
93 silly packumentCache full:https://registry.npmjs.org/regexparam cache-miss
94 silly fetch manifest @tinyhttp/cookie@2.1.1
95 silly packumentCache full:https://registry.npmjs.org/@tinyhttp%2fcookie cache-miss
96 silly fetch manifest @tinyhttp/proxy-addr@2.2.0
97 silly packumentCache full:https://registry.npmjs.org/@tinyhttp%2fproxy-addr cache-miss
98 silly fetch manifest @tinyhttp/res@2.2.4
99 silly packumentCache full:https://registry.npmjs.org/@tinyhttp%2fres cache-miss
100 silly fetch manifest @tinyhttp/req@2.2.4
101 silly packumentCache full:https://registry.npmjs.org/@tinyhttp%2freq cache-miss
102 silly fetch manifest @tinyhttp/router@2.2.3
103 silly packumentCache full:https://registry.npmjs.org/@tinyhttp%2frouter cache-miss
104 silly fetch manifest @tinyhttp/vary@^0.1.3
105 silly packumentCache full:https://registry.npmjs.org/@tinyhttp%2fvary cache-miss
106 silly fetch manifest colorette@^2.0.20
107 silly packumentCache full:https://registry.npmjs.org/colorette cache-miss
108 silly fetch manifest dayjs@^1.11.10
109 silly packumentCache full:https://registry.npmjs.org/dayjs cache-miss
110 silly fetch manifest http-status-emojis@^2.2.0
111 silly packumentCache full:https://registry.npmjs.org/http-status-emojis cache-miss
112 http fetch GET 200 https://registry.npmjs.org/colorette 108ms (cache miss)
113 silly packumentCache full:https://registry.npmjs.org/colorette set size:undefined disposed:false
114 silly fetch manifest readdirp@^4.0.1
115 silly packumentCache full:https://registry.npmjs.org/readdirp cache-miss
116 http fetch GET 200 https://registry.npmjs.org/dayjs 176ms (cache miss)
117 silly packumentCache full:https://registry.npmjs.org/dayjs set size:undefined disposed:false
118 silly fetch manifest type-fest@^4.18.2
119 silly packumentCache full:https://registry.npmjs.org/type-fest cache-miss
120 http fetch GET 200 https://registry.npmjs.org/readdirp 151ms (cache miss)
121 silly packumentCache full:https://registry.npmjs.org/readdirp set size:undefined disposed:false
122 silly fetch manifest steno@^4.0.2
123 silly packumentCache full:https://registry.npmjs.org/steno cache-miss
124 http fetch GET 200 https://registry.npmjs.org/type-fest 150ms (cache miss)
125 silly packumentCache full:https://registry.npmjs.org/type-fest set size:undefined disposed:false
126 silly fetch manifest mrmime@^2.0.0
127 silly packumentCache full:https://registry.npmjs.org/mrmime cache-miss
128 http fetch GET 200 https://registry.npmjs.org/steno 96ms (cache miss)
129 silly packumentCache full:https://registry.npmjs.org/steno set size:undefined disposed:false
130 silly fetch manifest totalist@^3.0.0
131 silly packumentCache full:https://registry.npmjs.org/totalist cache-miss
132 http fetch GET 200 https://registry.npmjs.org/mrmime 100ms (cache miss)
133 silly packumentCache full:https://registry.npmjs.org/mrmime set size:undefined disposed:false
134 silly fetch manifest @polka/url@^1.0.0-next.24
135 silly packumentCache full:https://registry.npmjs.org/@polka%2furl cache-miss
136 http fetch GET 200 https://registry.npmjs.org/totalist 85ms (cache miss)
137 silly packumentCache full:https://registry.npmjs.org/totalist set size:undefined disposed:false
138 http fetch GET 200 https://registry.npmjs.org/@polka%2furl 131ms (cache miss)
139 silly packumentCache full:https://registry.npmjs.org/@polka%2furl set size:undefined disposed:false
140 http fetch GET 200 https://registry.npmjs.org/header-range-parser 723ms (cache miss)
141 silly packumentCache full:https://registry.npmjs.org/header-range-parser set size:undefined disposed:false
142 http fetch GET 200 https://registry.npmjs.org/http-status-emojis 737ms (cache miss)
143 silly packumentCache full:https://registry.npmjs.org/http-status-emojis set size:undefined disposed:false
144 http fetch GET 200 https://registry.npmjs.org/regexparam 745ms (cache miss)
145 silly packumentCache full:https://registry.npmjs.org/regexparam set size:undefined disposed:false
146 http fetch GET 200 https://registry.npmjs.org/@tinyhttp%2fvary 1386ms (cache miss)
147 silly packumentCache full:https://registry.npmjs.org/@tinyhttp%2fvary set size:undefined disposed:false
148 http fetch GET 200 https://registry.npmjs.org/@tinyhttp%2freq 1611ms (cache miss)
149 silly packumentCache full:https://registry.npmjs.org/@tinyhttp%2freq set size:undefined disposed:false
150 http fetch GET 200 https://registry.npmjs.org/@tinyhttp%2fproxy-addr 1617ms (cache miss)
151 silly packumentCache full:https://registry.npmjs.org/@tinyhttp%2fproxy-addr set size:undefined disposed:false
152 http fetch GET 200 https://registry.npmjs.org/@tinyhttp%2frouter 1634ms (cache miss)
153 silly packumentCache full:https://registry.npmjs.org/@tinyhttp%2frouter set size:undefined disposed:false
154 http fetch GET 200 https://registry.npmjs.org/@tinyhttp%2fres 1636ms (cache miss)
155 silly packumentCache full:https://registry.npmjs.org/@tinyhttp%2fres set size:undefined disposed:false
156 http fetch GET 200 https://registry.npmjs.org/@tinyhttp%2fcookie 1638ms (cache miss)
157 silly packumentCache full:https://registry.npmjs.org/@tinyhttp%2fcookie set size:undefined disposed:false
158 silly placeDep ROOT @tinyhttp/cookie@2.1.1 OK for: @tinyhttp/app@2.4.0 want: 2.1.1
159 silly placeDep ROOT @tinyhttp/proxy-addr@2.2.0 OK for: @tinyhttp/app@2.4.0 want: 2.2.0
160 silly placeDep ROOT @tinyhttp/req@2.2.4 OK for: @tinyhttp/app@2.4.0 want: 2.2.4
161 silly placeDep ROOT @tinyhttp/res@2.2.4 OK for: @tinyhttp/app@2.4.0 want: 2.2.4
162 silly placeDep ROOT @tinyhttp/router@2.2.3 OK for: @tinyhttp/app@2.4.0 want: 2.2.3
163 silly placeDep ROOT header-range-parser@1.1.3 OK for: @tinyhttp/app@2.4.0 want: 1.1.3
164 silly placeDep ROOT regexparam@2.0.2 OK for: @tinyhttp/app@2.4.0 want: ^2.0.2
165 silly fetch manifest ipaddr.js@^2.2.0
166 silly packumentCache full:https://registry.npmjs.org/ipaddr.js cache-miss
167 silly fetch manifest @tinyhttp/forwarded@2.1.1
168 silly packumentCache full:https://registry.npmjs.org/@tinyhttp%2fforwarded cache-miss
169 silly fetch manifest header-range-parser@^1.1.3
170 silly packumentCache full:https://registry.npmjs.org/header-range-parser cache-miss
171 silly fetch manifest @tinyhttp/url@2.1.1
172 silly packumentCache full:https://registry.npmjs.org/@tinyhttp%2furl cache-miss
173 silly fetch manifest @tinyhttp/accepts@2.2.3
174 silly packumentCache full:https://registry.npmjs.org/@tinyhttp%2faccepts cache-miss
175 silly fetch manifest @tinyhttp/type-is@2.2.4
176 silly packumentCache full:https://registry.npmjs.org/@tinyhttp%2ftype-is cache-miss
177 silly fetch manifest es-escape-html@^0.1.1
178 silly packumentCache full:https://registry.npmjs.org/es-escape-html cache-miss
179 silly fetch manifest mime@4.0.4
180 silly packumentCache full:https://registry.npmjs.org/mime cache-miss
181 silly fetch manifest @tinyhttp/content-disposition@2.2.2
182 silly packumentCache full:https://registry.npmjs.org/@tinyhttp%2fcontent-disposition cache-miss
183 silly fetch manifest @tinyhttp/cookie-signature@2.1.1
184 silly packumentCache full:https://registry.npmjs.org/@tinyhttp%2fcookie-signature cache-miss
185 silly fetch manifest @tinyhttp/encode-url@2.1.1
186 silly packumentCache full:https://registry.npmjs.org/@tinyhttp%2fencode-url cache-miss
187 http fetch GET 200 https://registry.npmjs.org/header-range-parser 20ms (cache hit)
188 silly packumentCache full:https://registry.npmjs.org/header-range-parser set size:41786 disposed:false
189 silly fetch manifest @tinyhttp/send@2.2.3
190 silly packumentCache full:https://registry.npmjs.org/@tinyhttp%2fsend cache-miss
191 http fetch GET 200 https://registry.npmjs.org/mime 106ms (cache miss)
192 silly packumentCache full:https://registry.npmjs.org/mime set size:undefined disposed:false
193 http fetch GET 200 https://registry.npmjs.org/ipaddr.js 123ms (cache miss)
194 silly packumentCache full:https://registry.npmjs.org/ipaddr.js set size:undefined disposed:false
195 http fetch GET 200 https://registry.npmjs.org/@tinyhttp%2faccepts 148ms (cache miss)
196 silly packumentCache full:https://registry.npmjs.org/@tinyhttp%2faccepts set size:undefined disposed:false
197 http fetch GET 200 https://registry.npmjs.org/es-escape-html 739ms (cache miss)
198 silly packumentCache full:https://registry.npmjs.org/es-escape-html set size:undefined disposed:false
199 http fetch GET 200 https://registry.npmjs.org/@tinyhttp%2fsend 1407ms (cache miss)
200 silly packumentCache full:https://registry.npmjs.org/@tinyhttp%2fsend set size:undefined disposed:false
201 http fetch GET 200 https://registry.npmjs.org/@tinyhttp%2ftype-is 1438ms (cache miss)
202 silly packumentCache full:https://registry.npmjs.org/@tinyhttp%2ftype-is set size:undefined disposed:false
203 http fetch GET 200 https://registry.npmjs.org/@tinyhttp%2furl 1568ms (cache miss)
204 silly packumentCache full:https://registry.npmjs.org/@tinyhttp%2furl set size:undefined disposed:false
205 http fetch GET 200 https://registry.npmjs.org/@tinyhttp%2fcontent-disposition 1581ms (cache miss)
206 silly packumentCache full:https://registry.npmjs.org/@tinyhttp%2fcontent-disposition set size:undefined disposed:false
207 http fetch GET 200 https://registry.npmjs.org/@tinyhttp%2fcookie-signature 1621ms (cache miss)
208 silly packumentCache full:https://registry.npmjs.org/@tinyhttp%2fcookie-signature set size:undefined disposed:false
209 http fetch GET 200 https://registry.npmjs.org/@tinyhttp%2fforwarded 1628ms (cache miss)
210 silly packumentCache full:https://registry.npmjs.org/@tinyhttp%2fforwarded set size:undefined disposed:false
211 http fetch GET 200 https://registry.npmjs.org/@tinyhttp%2fencode-url 1913ms (cache miss)
212 silly packumentCache full:https://registry.npmjs.org/@tinyhttp%2fencode-url set size:undefined disposed:false
213 silly placeDep ROOT @tinyhttp/vary@0.1.3 OK for: @tinyhttp/cors@2.0.1 want: ^0.1.3
214 silly placeDep ROOT colorette@2.0.20 OK for: @tinyhttp/logger@2.0.0 want: ^2.0.20
215 silly placeDep ROOT dayjs@1.11.13 OK for: @tinyhttp/logger@2.0.0 want: ^1.11.10
216 silly placeDep ROOT http-status-emojis@2.2.0 OK for: @tinyhttp/logger@2.0.0 want: ^2.2.0
217 silly placeDep ROOT @tinyhttp/forwarded@2.1.1 OK for: @tinyhttp/proxy-addr@2.2.0 want: 2.1.1
218 silly placeDep ROOT ipaddr.js@2.2.0 OK for: @tinyhttp/proxy-addr@2.2.0 want: ^2.2.0
219 silly placeDep ROOT @tinyhttp/accepts@2.2.3 OK for: @tinyhttp/req@2.2.4 want: 2.2.3
220 silly placeDep ROOT @tinyhttp/type-is@2.2.4 OK for: @tinyhttp/req@2.2.4 want: 2.2.4
221 silly placeDep ROOT @tinyhttp/url@2.1.1 OK for: @tinyhttp/req@2.2.4 want: 2.1.1
222 silly fetch manifest negotiator@^0.6.3
223 silly packumentCache full:https://registry.npmjs.org/negotiator cache-miss
224 silly fetch manifest @tinyhttp/content-type@^0.1.4
225 silly packumentCache full:https://registry.npmjs.org/@tinyhttp%2fcontent-type cache-miss
226 http fetch GET 200 https://registry.npmjs.org/negotiator 131ms (cache miss)
227 silly packumentCache full:https://registry.npmjs.org/negotiator set size:undefined disposed:false
228 http fetch GET 200 https://registry.npmjs.org/@tinyhttp%2fcontent-type 1575ms (cache miss)
229 silly packumentCache full:https://registry.npmjs.org/@tinyhttp%2fcontent-type set size:undefined disposed:false
230 silly placeDep ROOT mime@4.0.4 OK for: @tinyhttp/accepts@2.2.3 want: 4.0.4
231 silly placeDep ROOT negotiator@0.6.3 OK for: @tinyhttp/accepts@2.2.3 want: ^0.6.3
232 silly placeDep ROOT @tinyhttp/content-disposition@2.2.2 OK for: @tinyhttp/res@2.2.4 want: 2.2.2
233 silly placeDep ROOT @tinyhttp/cookie-signature@2.1.1 OK for: @tinyhttp/res@2.2.4 want: 2.1.1
234 silly placeDep ROOT @tinyhttp/encode-url@2.1.1 OK for: @tinyhttp/res@2.2.4 want: 2.1.1
235 silly placeDep ROOT @tinyhttp/send@2.2.3 OK for: @tinyhttp/res@2.2.4 want: 2.2.3
236 silly placeDep ROOT es-escape-html@0.1.1 OK for: @tinyhttp/res@2.2.4 want: ^0.1.1
237 silly fetch manifest @tinyhttp/etag@2.1.2
238 silly packumentCache full:https://registry.npmjs.org/@tinyhttp%2fetag cache-miss
239 http fetch GET 200 https://registry.npmjs.org/@tinyhttp%2fetag 1455ms (cache miss)
240 silly packumentCache full:https://registry.npmjs.org/@tinyhttp%2fetag set size:undefined disposed:false
241 silly placeDep ROOT @tinyhttp/content-type@0.1.4 OK for: @tinyhttp/send@2.2.3 want: ^0.1.4
242 silly placeDep ROOT @tinyhttp/etag@2.1.2 OK for: @tinyhttp/send@2.2.3 want: 2.1.2
243 silly placeDep node_modules/dot-prop type-fest@4.26.1 OK for: dot-prop@9.0.0 want: ^4.18.2
244 silly placeDep ROOT steno@4.0.2 OK for: lowdb@7.0.1 want: ^4.0.2
245 silly placeDep ROOT @polka/url@1.0.0-next.28 OK for: sirv@2.0.4 want: ^1.0.0-next.24
246 silly placeDep ROOT mrmime@2.0.0 OK for: sirv@2.0.4 want: ^2.0.0
247 silly placeDep ROOT totalist@3.0.1 OK for: sirv@2.0.4 want: ^3.0.0
248 silly placeDep node_modules/json-server readdirp@4.0.2 OK for: chokidar@4.0.1 want: ^4.0.1
249 silly reify moves {}
250 silly audit bulk request {
250 silly audit   '@alloc/quick-lru': [ '5.2.0' ],
250 silly audit   '@ampproject/remapping': [ '2.3.0' ],
250 silly audit   '@babel/code-frame': [ '7.25.7' ],
250 silly audit   '@babel/compat-data': [ '7.25.8' ],
250 silly audit   '@babel/core': [ '7.25.8' ],
250 silly audit   json5: [ '2.2.3', '1.0.2' ],
250 silly audit   semver: [ '6.3.1', '7.6.3' ],
250 silly audit   '@babel/generator': [ '7.25.7' ],
250 silly audit   '@babel/helper-annotate-as-pure': [ '7.25.7' ],
250 silly audit   '@babel/helper-builder-binary-assignment-operator-visitor': [ '7.25.7' ],
250 silly audit   '@babel/helper-compilation-targets': [ '7.25.7' ],
250 silly audit   'lru-cache': [ '5.1.1', '10.4.3' ],
250 silly audit   '@babel/helper-create-class-features-plugin': [ '7.25.7' ],
250 silly audit   '@babel/helper-create-regexp-features-plugin': [ '7.25.7' ],
250 silly audit   '@babel/helper-define-polyfill-provider': [ '0.6.2' ],
250 silly audit   '@babel/helper-member-expression-to-functions': [ '7.25.7' ],
250 silly audit   '@babel/helper-module-imports': [ '7.25.7' ],
250 silly audit   '@babel/helper-module-transforms': [ '7.25.7' ],
250 silly audit   '@babel/helper-optimise-call-expression': [ '7.25.7' ],
250 silly audit   '@babel/helper-plugin-utils': [ '7.25.7' ],
250 silly audit   '@babel/helper-remap-async-to-generator': [ '7.25.7' ],
250 silly audit   '@babel/helper-replace-supers': [ '7.25.7' ],
250 silly audit   '@babel/helper-simple-access': [ '7.25.7' ],
250 silly audit   '@babel/helper-skip-transparent-expression-wrappers': [ '7.25.7' ],
250 silly audit   '@babel/helper-string-parser': [ '7.25.7' ],
250 silly audit   '@babel/helper-validator-identifier': [ '7.25.7' ],
250 silly audit   '@babel/helper-validator-option': [ '7.25.7' ],
250 silly audit   '@babel/helper-wrap-function': [ '7.25.7' ],
250 silly audit   '@babel/helpers': [ '7.25.7' ],
250 silly audit   '@babel/highlight': [ '7.25.7' ],
250 silly audit   'ansi-styles': [ '3.2.1', '4.3.0', '6.2.1' ],
250 silly audit   chalk: [ '2.4.2', '4.1.2', '5.3.0' ],
250 silly audit   'color-convert': [ '1.9.3', '2.0.1' ],
250 silly audit   'color-name': [ '1.1.3', '1.1.4' ],
250 silly audit   'escape-string-regexp': [ '1.0.5', '4.0.0' ],
250 silly audit   'has-flag': [ '3.0.0', '4.0.0' ],
250 silly audit   'supports-color': [ '5.5.0', '7.2.0' ],
250 silly audit   '@babel/parser': [ '7.25.8' ],
250 silly audit   '@babel/plugin-bugfix-firefox-class-in-computed-class-key': [ '7.25.7' ],
250 silly audit   '@babel/plugin-bugfix-safari-class-field-initializer-scope': [ '7.25.7' ],
250 silly audit   '@babel/plugin-bugfix-safari-id-destructuring-collision-in-function-expression': [ '7.25.7' ],
250 silly audit   '@babel/plugin-bugfix-v8-spread-parameters-in-optional-chaining': [ '7.25.7' ],
250 silly audit   '@babel/plugin-bugfix-v8-static-class-fields-redefine-readonly': [ '7.25.7' ],
250 silly audit   '@babel/plugin-proposal-private-property-in-object': [ '7.21.0-placeholder-for-preset-env.2' ],
250 silly audit   '@babel/plugin-syntax-import-assertions': [ '7.25.7' ],
250 silly audit   '@babel/plugin-syntax-import-attributes': [ '7.25.7' ],
250 silly audit   '@babel/plugin-syntax-jsx': [ '7.25.7' ],
250 silly audit   '@babel/plugin-syntax-unicode-sets-regex': [ '7.18.6' ],
250 silly audit   '@babel/plugin-transform-arrow-functions': [ '7.25.7' ],
250 silly audit   '@babel/plugin-transform-async-generator-functions': [ '7.25.8' ],
250 silly audit   '@babel/plugin-transform-async-to-generator': [ '7.25.7' ],
250 silly audit   '@babel/plugin-transform-block-scoped-functions': [ '7.25.7' ],
250 silly audit   '@babel/plugin-transform-block-scoping': [ '7.25.7' ],
250 silly audit   '@babel/plugin-transform-class-properties': [ '7.25.7' ],
250 silly audit   '@babel/plugin-transform-class-static-block': [ '7.25.8' ],
250 silly audit   '@babel/plugin-transform-classes': [ '7.25.7' ],
250 silly audit   globals: [ '11.12.0', '13.24.0' ],
250 silly audit   '@babel/plugin-transform-computed-properties': [ '7.25.7' ],
250 silly audit   '@babel/plugin-transform-destructuring': [ '7.25.7' ],
250 silly audit   '@babel/plugin-transform-dotall-regex': [ '7.25.7' ],
250 silly audit   '@babel/plugin-transform-duplicate-keys': [ '7.25.7' ],
250 silly audit   '@babel/plugin-transform-duplicate-named-capturing-groups-regex': [ '7.25.7' ],
250 silly audit   '@babel/plugin-transform-dynamic-import': [ '7.25.8' ],
250 silly audit   '@babel/plugin-transform-exponentiation-operator': [ '7.25.7' ],
250 silly audit   '@babel/plugin-transform-export-namespace-from': [ '7.25.8' ],
250 silly audit   '@babel/plugin-transform-for-of': [ '7.25.7' ],
250 silly audit   '@babel/plugin-transform-function-name': [ '7.25.7' ],
250 silly audit   '@babel/plugin-transform-json-strings': [ '7.25.8' ],
250 silly audit   '@babel/plugin-transform-literals': [ '7.25.7' ],
250 silly audit   '@babel/plugin-transform-logical-assignment-operators': [ '7.25.8' ],
250 silly audit   '@babel/plugin-transform-member-expression-literals': [ '7.25.7' ],
250 silly audit   '@babel/plugin-transform-modules-amd': [ '7.25.7' ],
250 silly audit   '@babel/plugin-transform-modules-commonjs': [ '7.25.7' ],
250 silly audit   '@babel/plugin-transform-modules-systemjs': [ '7.25.7' ],
250 silly audit   '@babel/plugin-transform-modules-umd': [ '7.25.7' ],
250 silly audit   '@babel/plugin-transform-named-capturing-groups-regex': [ '7.25.7' ],
250 silly audit   '@babel/plugin-transform-new-target': [ '7.25.7' ],
250 silly audit   '@babel/plugin-transform-nullish-coalescing-operator': [ '7.25.8' ],
250 silly audit   '@babel/plugin-transform-numeric-separator': [ '7.25.8' ],
250 silly audit   '@babel/plugin-transform-object-rest-spread': [ '7.25.8' ],
250 silly audit   '@babel/plugin-transform-object-super': [ '7.25.7' ],
250 silly audit   '@babel/plugin-transform-optional-catch-binding': [ '7.25.8' ],
250 silly audit   '@babel/plugin-transform-optional-chaining': [ '7.25.8' ],
250 silly audit   '@babel/plugin-transform-parameters': [ '7.25.7' ],
250 silly audit   '@babel/plugin-transform-private-methods': [ '7.25.7' ],
250 silly audit   '@babel/plugin-transform-private-property-in-object': [ '7.25.8' ],
250 silly audit   '@babel/plugin-transform-property-literals': [ '7.25.7' ],
250 silly audit   '@babel/plugin-transform-react-display-name': [ '7.25.7' ],
250 silly audit   '@babel/plugin-transform-react-jsx': [ '7.25.7' ],
250 silly audit   '@babel/plugin-transform-react-jsx-development': [ '7.25.7' ],
250 silly audit   '@babel/plugin-transform-react-pure-annotations': [ '7.25.7' ],
250 silly audit   '@babel/plugin-transform-regenerator': [ '7.25.7' ],
250 silly audit   '@babel/plugin-transform-reserved-words': [ '7.25.7' ],
250 silly audit   '@babel/plugin-transform-shorthand-properties': [ '7.25.7' ],
250 silly audit   '@babel/plugin-transform-spread': [ '7.25.7' ],
250 silly audit   '@babel/plugin-transform-sticky-regex': [ '7.25.7' ],
250 silly audit   '@babel/plugin-transform-template-literals': [ '7.25.7' ],
250 silly audit   '@babel/plugin-transform-typeof-symbol': [ '7.25.7' ],
250 silly audit   '@babel/plugin-transform-unicode-escapes': [ '7.25.7' ],
250 silly audit   '@babel/plugin-transform-unicode-property-regex': [ '7.25.7' ],
250 silly audit   '@babel/plugin-transform-unicode-regex': [ '7.25.7' ],
250 silly audit   '@babel/plugin-transform-unicode-sets-regex': [ '7.25.7' ],
250 silly audit   '@babel/preset-env': [ '7.25.8' ],
250 silly audit   '@babel/preset-modules': [ '0.1.6-no-external-plugins' ],
250 silly audit   '@babel/preset-react': [ '7.25.7' ],
250 silly audit   '@babel/runtime': [ '7.25.7' ],
250 silly audit   '@babel/template': [ '7.25.7' ],
250 silly audit   '@babel/traverse': [ '7.25.7' ],
250 silly audit   '@babel/types': [ '7.25.8' ],
250 silly audit   '@eslint-community/eslint-utils': [ '4.4.0' ],
250 silly audit   '@eslint-community/regexpp': [ '4.11.1' ],
250 silly audit   '@eslint/eslintrc': [ '2.1.4' ],
250 silly audit   '@eslint/js': [ '8.57.1' ],
250 silly audit   '@humanwhocodes/config-array': [ '0.13.0' ],
250 silly audit   '@humanwhocodes/module-importer': [ '1.0.1' ],
250 silly audit   '@humanwhocodes/object-schema': [ '2.0.3' ],
250 silly audit   '@isaacs/cliui': [ '8.0.2' ],
250 silly audit   'ansi-regex': [ '6.1.0', '5.0.1' ],
250 silly audit   'strip-ansi': [ '7.1.0', '6.0.1' ],
250 silly audit   '@jridgewell/gen-mapping': [ '0.3.5' ],
250 silly audit   '@jridgewell/resolve-uri': [ '3.1.2' ],
250 silly audit   '@jridgewell/set-array': [ '1.2.1' ],
250 silly audit   '@jridgewell/sourcemap-codec': [ '1.5.0' ],
250 silly audit   '@jridgewell/trace-mapping': [ '0.3.25' ],
250 silly audit   '@next/env': [ '14.2.15' ],
250 silly audit   '@next/eslint-plugin-next': [ '14.2.15' ],
250 silly audit   '@next/swc-darwin-arm64': [ '14.2.15' ],
250 silly audit   '@next/swc-darwin-x64': [ '14.2.15' ],
250 silly audit   '@next/swc-linux-arm64-gnu': [ '14.2.15' ],
250 silly audit   '@next/swc-linux-arm64-musl': [ '14.2.15' ],
250 silly audit   '@next/swc-linux-x64-gnu': [ '14.2.15' ],
250 silly audit   '@next/swc-linux-x64-musl': [ '14.2.15' ],
250 silly audit   '@next/swc-win32-arm64-msvc': [ '14.2.15' ],
250 silly audit   '@next/swc-win32-ia32-msvc': [ '14.2.15' ],
250 silly audit   '@next/swc-win32-x64-msvc': [ '14.2.15' ],
250 silly audit   '@nodelib/fs.scandir': [ '2.1.5' ],
250 silly audit   '@nodelib/fs.stat': [ '2.0.5' ],
250 silly audit   '@nodelib/fs.walk': [ '1.2.8' ],
250 silly audit   '@nolyfill/is-core-module': [ '1.0.39' ],
250 silly audit   '@pkgjs/parseargs': [ '0.11.0' ],
250 silly audit   '@rtsao/scc': [ '1.1.0' ],
250 silly audit   '@rushstack/eslint-patch': [ '1.10.4' ],
250 silly audit   '@swc/counter': [ '0.1.3' ],
250 silly audit   '@swc/helpers': [ '0.5.5' ],
250 silly audit   '@types/json5': [ '0.0.29' ],
250 silly audit   '@typescript-eslint/eslint-plugin': [ '8.8.1' ],
250 silly audit   '@typescript-eslint/parser': [ '8.8.1' ],
250 silly audit   '@typescript-eslint/scope-manager': [ '8.8.1' ],
250 silly audit   '@typescript-eslint/type-utils': [ '8.8.1' ],
250 silly audit   '@typescript-eslint/types': [ '8.8.1' ],
250 silly audit   '@typescript-eslint/typescript-estree': [ '8.8.1' ],
250 silly audit   'brace-expansion': [ '2.0.1', '1.1.11' ],
250 silly audit   minimatch: [ '9.0.5', '8.0.4', '3.1.2' ],
250 silly audit   '@typescript-eslint/utils': [ '8.8.1' ],
250 silly audit   '@typescript-eslint/visitor-keys': [ '8.8.1' ],
250 silly audit   '@ungap/structured-clone': [ '1.2.0' ],
250 silly audit   acorn: [ '8.12.1' ],
250 silly audit   'acorn-jsx': [ '5.3.2' ],
250 silly audit   ajv: [ '6.12.6' ],
250 silly audit   'any-promise': [ '1.3.0' ],
250 silly audit   anymatch: [ '3.1.3' ],
250 silly audit   arg: [ '5.0.2' ],
250 silly audit   argparse: [ '2.0.1' ],
250 silly audit   'aria-query': [ '5.1.3' ],
250 silly audit   'array-buffer-byte-length': [ '1.0.1' ],
250 silly audit   'array-includes': [ '3.1.8' ],
250 silly audit   'array.prototype.findlast': [ '1.2.5' ],
250 silly audit   'array.prototype.findlastindex': [ '1.2.5' ],
250 silly audit   'array.prototype.flat': [ '1.3.2' ],
250 silly audit   'array.prototype.flatmap': [ '1.3.2' ],
250 silly audit   'array.prototype.tosorted': [ '1.1.4' ],
250 silly audit   'arraybuffer.prototype.slice': [ '1.0.3' ],
250 silly audit   'ast-types-flow': [ '0.0.8' ],
250 silly audit   asynckit: [ '0.4.0' ],
250 silly audit   'available-typed-arrays': [ '1.0.7' ],
250 silly audit   'axe-core': [ '4.10.0' ],
250 silly audit   'axobject-query': [ '4.1.0' ],
250 silly audit   'babel-plugin-module-resolver': [ '5.0.2' ],
250 silly audit   glob: [ '9.3.5', '10.3.10', '7.2.3' ],
250 silly audit   minipass: [ '4.2.8', '7.1.2' ],
250 silly audit   'babel-plugin-polyfill-corejs2': [ '0.4.11' ],
250 silly audit   'babel-plugin-polyfill-corejs3': [ '0.10.6' ],
250 silly audit   'babel-plugin-polyfill-regenerator': [ '0.6.2' ],
250 silly audit   'balanced-match': [ '1.0.2' ],
250 silly audit   'binary-extensions': [ '2.3.0' ],
250 silly audit   braces: [ '3.0.3' ],
250 silly audit   browserslist: [ '4.24.0' ],
250 silly audit   busboy: [ '1.6.0' ],
250 silly audit   'call-bind': [ '1.0.7' ],
250 silly audit   callsites: [ '3.1.0' ],
250 silly audit   'camelcase-css': [ '2.0.1' ],
250 silly audit   'caniuse-lite': [ '1.0.30001668' ],
250 silly audit   chokidar: [ '3.6.0', '4.0.1' ],
250 silly audit   'glob-parent': [ '5.1.2', '6.0.2' ],
250 silly audit   'client-only': [ '0.0.1' ],
250 silly audit   'combined-stream': [ '1.0.8' ],
250 silly audit   commander: [ '4.1.1' ],
250 silly audit   'concat-map': [ '0.0.1' ],
250 silly audit   'convert-source-map': [ '2.0.0' ],
250 silly audit   'core-js-compat': [ '3.38.1' ],
250 silly audit   'cross-spawn': [ '7.0.3' ],
250 silly audit   cssesc: [ '3.0.0' ],
250 silly audit   'damerau-levenshtein': [ '1.0.8' ],
250 silly audit   'data-view-buffer': [ '1.0.1' ],
250 silly audit   'data-view-byte-length': [ '1.0.1' ],
250 silly audit   'data-view-byte-offset': [ '1.0.0' ],
250 silly audit   debug: [ '4.3.7', '3.2.7' ],
250 silly audit   'deep-equal': [ '2.2.3' ],
250 silly audit   'deep-is': [ '0.1.4' ],
250 silly audit   'define-data-property': [ '1.1.4' ],
250 silly audit   'define-properties': [ '1.2.1' ],
250 silly audit   'delayed-stream': [ '1.0.0' ],
250 silly audit   didyoumean: [ '1.2.2' ],
250 silly audit   dlv: [ '1.1.3' ],
250 silly audit   doctrine: [ '3.0.0', '2.1.0' ],
250 silly audit   eastasianwidth: [ '0.2.0' ],
250 silly audit   'electron-to-chromium': [ '1.5.36' ],
250 silly audit   'emoji-regex': [ '9.2.2', '8.0.0' ],
250 silly audit   'enhanced-resolve': [ '5.17.1' ],
250 silly audit   'es-abstract': [ '1.23.3' ],
250 silly audit   'es-define-property': [ '1.0.0' ],
250 silly audit   'es-errors': [ '1.3.0' ],
250 silly audit   'es-get-iterator': [ '1.1.3' ],
250 silly audit   'es-iterator-helpers': [ '1.1.0' ],
250 silly audit   'es-object-atoms': [ '1.0.0' ],
250 silly audit   'es-set-tostringtag': [ '2.0.3' ],
250 silly audit   'es-shim-unscopables': [ '1.0.2' ],
250 silly audit   'es-to-primitive': [ '1.2.1' ],
250 silly audit   escalade: [ '3.2.0' ],
250 silly audit   eslint: [ '8.57.1' ],
250 silly audit   'eslint-config-next': [ '14.2.15' ],
250 silly audit   'eslint-import-resolver-node': [ '0.3.9' ],
250 silly audit   'eslint-import-resolver-typescript': [ '3.6.3' ],
250 silly audit   'eslint-module-utils': [ '2.12.0' ],
250 silly audit   'eslint-plugin-import': [ '2.31.0' ],
250 silly audit   'eslint-plugin-jsx-a11y': [ '6.10.0' ],
250 silly audit   'eslint-plugin-react': [ '7.37.1' ],
250 silly audit   'eslint-plugin-react-hooks': [ '5.0.0-canary-7118f5dd7-20230705' ],
250 silly audit   resolve: [ '2.0.0-next.5', '1.22.8' ],
250 silly audit   'eslint-scope': [ '7.2.2' ],
250 silly audit   'eslint-visitor-keys': [ '3.4.3' ],
250 silly audit   espree: [ '9.6.1' ],
250 silly audit   esquery: [ '1.6.0' ],
250 silly audit   esrecurse: [ '4.3.0' ],
250 silly audit   estraverse: [ '5.3.0' ],
250 silly audit   esutils: [ '2.0.3' ],
250 silly audit   'fast-deep-equal': [ '3.1.3' ],
250 silly audit   'fast-glob': [ '3.3.2' ],
250 silly audit   'fast-json-stable-stringify': [ '2.1.0' ],
250 silly audit   'fast-levenshtein': [ '2.0.6' ],
250 silly audit   fastq: [ '1.17.1' ],
250 silly audit   'file-entry-cache': [ '6.0.1' ],
250 silly audit   'fill-range': [ '7.1.1' ],
250 silly audit   'find-babel-config': [ '2.1.2' ],
250 silly audit   'find-up': [ '5.0.0', '3.0.0' ],
250 silly audit   'flat-cache': [ '3.2.0' ],
250 silly audit   flatted: [ '3.3.1' ],
250 silly audit   'follow-redirects': [ '1.15.9' ],
250 silly audit   'for-each': [ '0.3.3' ],
250 silly audit   'foreground-child': [ '3.3.0' ],
250 silly audit   'form-data': [ '4.0.1' ],
250 silly audit   'fs.realpath': [ '1.0.0' ],
250 silly audit   fsevents: [ '2.3.3' ],
250 silly audit   'function-bind': [ '1.1.2' ],
250 silly audit   'function.prototype.name': [ '1.1.6' ],
250 silly audit   'functions-have-names': [ '1.2.3' ],
250 silly audit   gensync: [ '1.0.0-beta.2' ],
250 silly audit   'get-intrinsic': [ '1.2.4' ],
250 silly audit   'get-symbol-description': [ '1.0.2' ],
250 silly audit   'get-tsconfig': [ '4.8.1' ],
250 silly audit   globalthis: [ '1.0.4' ],
250 silly audit   gopd: [ '1.0.1' ],
250 silly audit   'graceful-fs': [ '4.2.11' ],
250 silly audit   graphemer: [ '1.4.0' ],
250 silly audit   'has-bigints': [ '1.0.2' ],
250 silly audit   'has-property-descriptors': [ '1.0.2' ],
250 silly audit   'has-proto': [ '1.0.3' ],
250 silly audit   'has-symbols': [ '1.0.3' ],
250 silly audit   'has-tostringtag': [ '1.0.2' ],
250 silly audit   hasown: [ '2.0.2' ],
250 silly audit   ignore: [ '5.3.2' ],
250 silly audit   'import-fresh': [ '3.3.0' ],
250 silly audit   imurmurhash: [ '0.1.4' ],
250 silly audit   inflight: [ '1.0.6' ],
250 silly audit   inherits: [ '2.0.4' ],
250 silly audit   'internal-slot': [ '1.0.7' ],
250 silly audit   'is-arguments': [ '1.1.1' ],
250 silly audit   'is-array-buffer': [ '3.0.4' ],
250 silly audit   'is-async-function': [ '2.0.0' ],
250 silly audit   'is-bigint': [ '1.0.4' ],
250 silly audit   'is-binary-path': [ '2.1.0' ],
250 silly audit   'is-boolean-object': [ '1.1.2' ],
250 silly audit   'is-bun-module': [ '1.2.1' ],
250 silly audit   'is-callable': [ '1.2.7' ],
250 silly audit   'is-core-module': [ '2.15.1' ],
250 silly audit   'is-data-view': [ '1.0.1' ],
250 silly audit   'is-date-object': [ '1.0.5' ],
250 silly audit   'is-extglob': [ '2.1.1' ],
250 silly audit   'is-finalizationregistry': [ '1.0.2' ],
250 silly audit   'is-fullwidth-code-point': [ '3.0.0' ],
250 silly audit   'is-generator-function': [ '1.0.10' ],
250 silly audit   'is-glob': [ '4.0.3' ],
250 silly audit   'is-map': [ '2.0.3' ],
250 silly audit   'is-negative-zero': [ '2.0.3' ],
250 silly audit   'is-number': [ '7.0.0' ],
250 silly audit   'is-number-object': [ '1.0.7' ],
250 silly audit   'is-path-inside': [ '3.0.3' ],
250 silly audit   'is-regex': [ '1.1.4' ],
250 silly audit   'is-set': [ '2.0.3' ],
250 silly audit   'is-shared-array-buffer': [ '1.0.3' ],
250 silly audit   'is-string': [ '1.0.7' ],
250 silly audit   'is-symbol': [ '1.0.4' ],
250 silly audit   'is-typed-array': [ '1.1.13' ],
250 silly audit   'is-weakmap': [ '2.0.2' ],
250 silly audit   'is-weakref': [ '1.0.2' ],
250 silly audit   'is-weakset': [ '2.0.3' ],
250 silly audit   isarray: [ '2.0.5' ],
250 silly audit   isexe: [ '2.0.0' ],
250 silly audit   'iterator.prototype': [ '1.1.3' ],
250 silly audit   jackspeak: [ '2.3.6' ],
250 silly audit   jiti: [ '1.21.6' ],
250 silly audit   'js-tokens': [ '4.0.0' ],
250 silly audit   'js-yaml': [ '4.1.0' ],
250 silly audit   jsesc: [ '3.0.2' ],
250 silly audit   'json-buffer': [ '3.0.1' ],
250 silly audit   'json-schema-traverse': [ '0.4.1' ],
250 silly audit   'json-stable-stringify-without-jsonify': [ '1.0.1' ],
250 silly audit   'jsx-ast-utils': [ '3.3.5' ],
250 silly audit   keyv: [ '4.5.4' ],
250 silly audit   'language-subtag-registry': [ '0.3.23' ],
250 silly audit   'language-tags': [ '1.0.9' ],
250 silly audit   levn: [ '0.4.1' ],
250 silly audit   lilconfig: [ '2.1.0', '3.1.2' ],
250 silly audit   'lines-and-columns': [ '1.2.4' ],
250 silly audit   'locate-path': [ '6.0.0', '3.0.0' ],
250 silly audit   'lodash.debounce': [ '4.0.8' ],
250 silly audit   'lodash.merge': [ '4.6.2' ],
250 silly audit   'loose-envify': [ '1.4.0' ],
250 silly audit   merge2: [ '1.4.1' ],
250 silly audit   micromatch: [ '4.0.8' ],
250 silly audit   'mime-db': [ '1.52.0' ],
250 silly audit   'mime-types': [ '2.1.35' ],
250 silly audit   minimist: [ '1.2.8' ],
250 silly audit   ms: [ '2.1.3' ],
250 silly audit   mz: [ '2.7.0' ],
250 silly audit   nanoid: [ '3.3.7' ],
250 silly audit   'natural-compare': [ '1.4.0' ],
250 silly audit   next: [ '14.2.15' ],
250 silly audit   postcss: [ '8.4.31', '8.4.47' ],
250 silly audit   'node-releases': [ '2.0.18' ],
250 silly audit   'normalize-path': [ '3.0.0' ],
250 silly audit   'object-assign': [ '4.1.1' ],
250 silly audit   'object-hash': [ '3.0.0' ],
250 silly audit   'object-inspect': [ '1.13.2' ],
250 silly audit   'object-is': [ '1.1.6' ],
250 silly audit   'object-keys': [ '1.1.1' ],
250 silly audit   'object.assign': [ '4.1.5' ],
250 silly audit   'object.entries': [ '1.1.8' ],
250 silly audit   'object.fromentries': [ '2.0.8' ],
250 silly audit   'object.groupby': [ '1.0.3' ],
250 silly audit   'object.values': [ '1.2.0' ],
250 silly audit   once: [ '1.4.0' ],
250 silly audit   optionator: [ '0.9.4' ],
250 silly audit   'p-limit': [ '3.1.0', '2.3.0' ],
250 silly audit   'p-locate': [ '5.0.0', '3.0.0' ],
250 silly audit   'p-try': [ '2.2.0' ],
250 silly audit   'parent-module': [ '1.0.1' ],
250 silly audit   'path-exists': [ '4.0.0', '3.0.0' ],
250 silly audit   'path-is-absolute': [ '1.0.1' ],
250 silly audit   'path-key': [ '3.1.1' ],
250 silly audit   'path-parse': [ '1.0.7' ],
250 silly audit   'path-scurry': [ '1.11.1' ],
250 silly audit   picocolors: [ '1.1.0' ],
250 silly audit   picomatch: [ '2.3.1' ],
250 silly audit   pify: [ '2.3.0' ],
250 silly audit   pirates: [ '4.0.6' ],
250 silly audit   'pkg-up': [ '3.1.0' ],
250 silly audit   'possible-typed-array-names': [ '1.0.0' ],
250 silly audit   'postcss-import': [ '15.1.0' ],
250 silly audit   'postcss-js': [ '4.0.1' ],
250 silly audit   'postcss-load-config': [ '4.0.2' ],
250 silly audit   'postcss-nested': [ '6.2.0' ],
250 silly audit   'postcss-selector-parser': [ '6.1.2' ],
250 silly audit   'postcss-value-parser': [ '4.2.0' ],
250 silly audit   'prelude-ls': [ '1.2.1' ],
250 silly audit   'prop-types': [ '15.8.1' ],
250 silly audit   'proxy-from-env': [ '1.1.0' ],
250 silly audit   punycode: [ '2.3.1' ],
250 silly audit   'queue-microtask': [ '1.2.3' ],
250 silly audit   react: [ '18.3.1' ],
250 silly audit   'react-dom': [ '18.3.1' ],
250 silly audit   'react-is': [ '16.13.1' ],
250 silly audit   'read-cache': [ '1.0.0' ],
250 silly audit   readdirp: [ '3.6.0', '4.0.2' ],
250 silly audit   'reflect.getprototypeof': [ '1.0.6' ],
250 silly audit   regenerate: [ '1.4.2' ],
250 silly audit   'regenerate-unicode-properties': [ '10.2.0' ],
250 silly audit   'regenerator-runtime': [ '0.14.1' ],
250 silly audit   'regenerator-transform': [ '0.15.2' ],
250 silly audit   'regexp.prototype.flags': [ '1.5.3' ],
250 silly audit   'regexpu-core': [ '6.1.1' ],
250 silly audit   regjsgen: [ '0.8.0' ],
250 silly audit   regjsparser: [ '0.11.1' ],
250 silly audit   reselect: [ '4.1.8' ],
250 silly audit   'resolve-from': [ '4.0.0' ],
250 silly audit   'resolve-pkg-maps': [ '1.0.0' ],
250 silly audit   reusify: [ '1.0.4' ],
250 silly audit   rimraf: [ '3.0.2' ],
250 silly audit   'run-parallel': [ '1.2.0' ],
250 silly audit   'safe-array-concat': [ '1.1.2' ],
250 silly audit   'safe-regex-test': [ '1.0.3' ],
250 silly audit   scheduler: [ '0.23.2' ],
250 silly audit   'set-function-length': [ '1.2.2' ],
250 silly audit   'set-function-name': [ '2.0.2' ],
250 silly audit   'shebang-command': [ '2.0.0' ],
250 silly audit   'shebang-regex': [ '3.0.0' ],
250 silly audit   'side-channel': [ '1.0.6' ],
250 silly audit   'signal-exit': [ '4.1.0' ],
250 silly audit   'source-map-js': [ '1.2.1' ],
250 silly audit   'stop-iteration-iterator': [ '1.0.0' ],
250 silly audit   streamsearch: [ '1.1.0' ],
250 silly audit   'string-width': [ '5.1.2', '4.2.3' ],
250 silly audit   'string.prototype.includes': [ '2.0.0' ],
250 silly audit   'string.prototype.matchall': [ '4.0.11' ],
250 silly audit   'string.prototype.repeat': [ '1.0.0' ],
250 silly audit   'string.prototype.trim': [ '1.2.9' ],
250 silly audit   'string.prototype.trimend': [ '1.0.8' ],
250 silly audit   'string.prototype.trimstart': [ '1.0.8' ],
250 silly audit   'strip-bom': [ '3.0.0' ],
250 silly audit   'strip-json-comments': [ '3.1.1' ],
250 silly audit   'styled-jsx': [ '5.1.1' ],
250 silly audit   sucrase: [ '3.35.0' ],
250 silly audit   'supports-preserve-symlinks-flag': [ '1.0.0' ],
250 silly audit   tailwindcss: [ '3.4.13' ],
250 silly audit   tapable: [ '2.2.1' ],
250 silly audit   'text-table': [ '0.2.0' ],
250 silly audit   thenify: [ '3.3.1' ],
250 silly audit   'thenify-all': [ '1.6.0' ],
250 silly audit   'to-fast-properties': [ '2.0.0' ],
250 silly audit   'to-regex-range': [ '5.0.1' ],
250 silly audit   'ts-api-utils': [ '1.3.0' ],
250 silly audit   'ts-interface-checker': [ '0.1.13' ],
250 silly audit   'tsconfig-paths': [ '3.15.0' ],
250 silly audit   tslib: [ '2.7.0' ],
250 silly audit   'type-check': [ '0.4.0' ],
250 silly audit   'type-fest': [ '0.20.2', '4.26.1' ],
250 silly audit   'typed-array-buffer': [ '1.0.2' ],
250 silly audit   'typed-array-byte-length': [ '1.0.1' ],
250 silly audit   'typed-array-byte-offset': [ '1.0.2' ],
250 silly audit   'typed-array-length': [ '1.0.6' ],
250 silly audit   typescript: [ '5.6.3' ],
250 silly audit   'unbox-primitive': [ '1.0.2' ],
250 silly audit   'unicode-canonical-property-names-ecmascript': [ '2.0.1' ],
250 silly audit   'unicode-match-property-ecmascript': [ '2.0.0' ],
250 silly audit   'unicode-match-property-value-ecmascript': [ '2.2.0' ],
250 silly audit   'unicode-property-aliases-ecmascript': [ '2.1.0' ],
250 silly audit   'update-browserslist-db': [ '1.1.1' ],
250 silly audit   'uri-js': [ '4.4.1' ],
250 silly audit   'util-deprecate': [ '1.0.2' ],
250 silly audit   which: [ '2.0.2' ],
250 silly audit   'which-boxed-primitive': [ '1.0.2' ],
250 silly audit   'which-builtin-type': [ '1.1.4' ],
250 silly audit   'which-collection': [ '1.0.2' ],
250 silly audit   'which-typed-array': [ '1.1.15' ],
250 silly audit   'word-wrap': [ '1.2.5' ],
250 silly audit   'wrap-ansi': [ '8.1.0', '7.0.0' ],
250 silly audit   wrappy: [ '1.0.2' ],
250 silly audit   yallist: [ '3.1.1' ],
250 silly audit   yaml: [ '2.6.0' ],
250 silly audit   'yocto-queue': [ '0.1.0' ],
250 silly audit   axios: [ '1.7.7' ],
250 silly audit   'json-server': [ '1.0.0-beta.3' ],
250 silly audit   '@tinyhttp/app': [ '2.4.0' ],
250 silly audit   '@tinyhttp/cors': [ '2.0.1' ],
250 silly audit   '@tinyhttp/logger': [ '2.0.0' ],
250 silly audit   'dot-prop': [ '9.0.0' ],
250 silly audit   eta: [ '3.5.0' ],
250 silly audit   inflection: [ '3.0.0' ],
250 silly audit   lowdb: [ '7.0.1' ],
250 silly audit   milliparsec: [ '4.0.0' ],
250 silly audit   sirv: [ '2.0.4' ],
250 silly audit   'sort-on': [ '6.1.0' ],
250 silly audit   '@tinyhttp/cookie': [ '2.1.1' ],
250 silly audit   '@tinyhttp/proxy-addr': [ '2.2.0' ],
250 silly audit   '@tinyhttp/req': [ '2.2.4' ],
250 silly audit   '@tinyhttp/res': [ '2.2.4' ],
250 silly audit   '@tinyhttp/router': [ '2.2.3' ],
250 silly audit   'header-range-parser': [ '1.1.3' ],
250 silly audit   regexparam: [ '2.0.2' ],
250 silly audit   '@tinyhttp/vary': [ '0.1.3' ],
250 silly audit   colorette: [ '2.0.20' ],
250 silly audit   dayjs: [ '1.11.13' ],
250 silly audit   'http-status-emojis': [ '2.2.0' ],
250 silly audit   '@tinyhttp/forwarded': [ '2.1.1' ],
250 silly audit   'ipaddr.js': [ '2.2.0' ],
250 silly audit   '@tinyhttp/accepts': [ '2.2.3' ],
250 silly audit   '@tinyhttp/type-is': [ '2.2.4' ],
250 silly audit   '@tinyhttp/url': [ '2.1.1' ],
250 silly audit   mime: [ '4.0.4' ],
250 silly audit   negotiator: [ '0.6.3' ],
250 silly audit   '@tinyhttp/content-disposition': [ '2.2.2' ],
250 silly audit   '@tinyhttp/cookie-signature': [ '2.1.1' ],
250 silly audit   '@tinyhttp/encode-url': [ '2.1.1' ],
250 silly audit   '@tinyhttp/send': [ '2.2.3' ],
250 silly audit   'es-escape-html': [ '0.1.1' ],
250 silly audit   '@tinyhttp/content-type': [ '0.1.4' ],
250 silly audit   '@tinyhttp/etag': [ '2.1.2' ],
250 silly audit   steno: [ '4.0.2' ],
250 silly audit   '@polka/url': [ '1.0.0-next.28' ],
250 silly audit   mrmime: [ '2.0.0' ],
250 silly audit   totalist: [ '3.0.1' ]
250 silly audit }
251 verbose reify failed optional dependency C:\Users\user\pw2if31\latihan-react-wilfridasisilia\latihan-api\node_modules\fsevents
252 silly reify mark deleted [
252 silly reify   'C:\\Users\\user\\pw2if31\\latihan-react-wilfridasisilia\\latihan-api\\node_modules\\fsevents'
252 silly reify ]
253 verbose reify failed optional dependency C:\Users\user\pw2if31\latihan-react-wilfridasisilia\latihan-api\node_modules\@next\swc-win32-ia32-msvc
254 silly reify mark deleted [
254 silly reify   'C:\\Users\\user\\pw2if31\\latihan-react-wilfridasisilia\\latihan-api\\node_modules\\@next\\swc-win32-ia32-msvc'
254 silly reify ]
255 verbose reify failed optional dependency C:\Users\user\pw2if31\latihan-react-wilfridasisilia\latihan-api\node_modules\@next\swc-win32-arm64-msvc
256 silly reify mark deleted [
256 silly reify   'C:\\Users\\user\\pw2if31\\latihan-react-wilfridasisilia\\latihan-api\\node_modules\\@next\\swc-win32-arm64-msvc'
256 silly reify ]
257 verbose reify failed optional dependency C:\Users\user\pw2if31\latihan-react-wilfridasisilia\latihan-api\node_modules\@next\swc-linux-x64-musl
258 silly reify mark deleted [
258 silly reify   'C:\\Users\\user\\pw2if31\\latihan-react-wilfridasisilia\\latihan-api\\node_modules\\@next\\swc-linux-x64-musl'
258 silly reify ]
259 verbose reify failed optional dependency C:\Users\user\pw2if31\latihan-react-wilfridasisilia\latihan-api\node_modules\@next\swc-linux-x64-gnu
260 silly reify mark deleted [
260 silly reify   'C:\\Users\\user\\pw2if31\\latihan-react-wilfridasisilia\\latihan-api\\node_modules\\@next\\swc-linux-x64-gnu'
260 silly reify ]
261 verbose reify failed optional dependency C:\Users\user\pw2if31\latihan-react-wilfridasisilia\latihan-api\node_modules\@next\swc-linux-arm64-musl
262 silly reify mark deleted [
262 silly reify   'C:\\Users\\user\\pw2if31\\latihan-react-wilfridasisilia\\latihan-api\\node_modules\\@next\\swc-linux-arm64-musl'
262 silly reify ]
263 verbose reify failed optional dependency C:\Users\user\pw2if31\latihan-react-wilfridasisilia\latihan-api\node_modules\@next\swc-linux-arm64-gnu
264 silly reify mark deleted [
264 silly reify   'C:\\Users\\user\\pw2if31\\latihan-react-wilfridasisilia\\latihan-api\\node_modules\\@next\\swc-linux-arm64-gnu'
264 silly reify ]
265 verbose reify failed optional dependency C:\Users\user\pw2if31\latihan-react-wilfridasisilia\latihan-api\node_modules\@next\swc-darwin-x64
266 silly reify mark deleted [
266 silly reify   'C:\\Users\\user\\pw2if31\\latihan-react-wilfridasisilia\\latihan-api\\node_modules\\@next\\swc-darwin-x64'
266 silly reify ]
267 verbose reify failed optional dependency C:\Users\user\pw2if31\latihan-react-wilfridasisilia\latihan-api\node_modules\@next\swc-darwin-arm64
268 silly reify mark deleted [
268 silly reify   'C:\\Users\\user\\pw2if31\\latihan-react-wilfridasisilia\\latihan-api\\node_modules\\@next\\swc-darwin-arm64'
268 silly reify ]
269 silly tarball no local data for totalist@https://registry.npmjs.org/totalist/-/totalist-3.0.1.tgz. Extracting by manifest.
270 silly tarball no local data for @tinyhttp/content-type@https://registry.npmjs.org/@tinyhttp/content-type/-/content-type-0.1.4.tgz. Extracting by manifest.
271 silly tarball no local data for mrmime@https://registry.npmjs.org/mrmime/-/mrmime-2.0.0.tgz. Extracting by manifest.
272 silly tarball no local data for steno@https://registry.npmjs.org/steno/-/steno-4.0.2.tgz. Extracting by manifest.
273 silly tarball no local data for @tinyhttp/etag@https://registry.npmjs.org/@tinyhttp/etag/-/etag-2.1.2.tgz. Extracting by manifest.
274 silly tarball no local data for @polka/url@https://registry.npmjs.org/@polka/url/-/url-1.0.0-next.28.tgz. Extracting by manifest.
275 silly tarball no local data for @tinyhttp/send@https://registry.npmjs.org/@tinyhttp/send/-/send-2.2.3.tgz. Extracting by manifest.
276 silly tarball no local data for @tinyhttp/content-disposition@https://registry.npmjs.org/@tinyhttp/content-disposition/-/content-disposition-2.2.2.tgz. Extracting by manifest.
277 silly tarball no local data for @tinyhttp/cookie-signature@https://registry.npmjs.org/@tinyhttp/cookie-signature/-/cookie-signature-2.1.1.tgz. Extracting by manifest.
278 silly tarball no local data for mime@https://registry.npmjs.org/mime/-/mime-4.0.4.tgz. Extracting by manifest.
279 silly tarball no local data for negotiator@https://registry.npmjs.org/negotiator/-/negotiator-0.6.3.tgz. Extracting by manifest.
280 silly tarball no local data for @tinyhttp/encode-url@https://registry.npmjs.org/@tinyhttp/encode-url/-/encode-url-2.1.1.tgz. Extracting by manifest.
281 silly tarball no local data for es-escape-html@https://registry.npmjs.org/es-escape-html/-/es-escape-html-0.1.1.tgz. Extracting by manifest.
282 silly tarball no local data for @tinyhttp/type-is@https://registry.npmjs.org/@tinyhttp/type-is/-/type-is-2.2.4.tgz. Extracting by manifest.
283 silly tarball no local data for ipaddr.js@https://registry.npmjs.org/ipaddr.js/-/ipaddr.js-2.2.0.tgz. Extracting by manifest.
284 silly tarball no local data for http-status-emojis@https://registry.npmjs.org/http-status-emojis/-/http-status-emojis-2.2.0.tgz. Extracting by manifest.
285 silly tarball no local data for @tinyhttp/forwarded@https://registry.npmjs.org/@tinyhttp/forwarded/-/forwarded-2.1.1.tgz. Extracting by manifest.
286 silly tarball no local data for @tinyhttp/accepts@https://registry.npmjs.org/@tinyhttp/accepts/-/accepts-2.2.3.tgz. Extracting by manifest.
287 silly tarball no local data for @tinyhttp/router@https://registry.npmjs.org/@tinyhttp/router/-/router-2.2.3.tgz. Extracting by manifest.
288 silly tarball no local data for colorette@https://registry.npmjs.org/colorette/-/colorette-2.0.20.tgz. Extracting by manifest.
289 silly tarball no local data for @tinyhttp/req@https://registry.npmjs.org/@tinyhttp/req/-/req-2.2.4.tgz. Extracting by manifest.
290 silly tarball no local data for @tinyhttp/url@https://registry.npmjs.org/@tinyhttp/url/-/url-2.1.1.tgz. Extracting by manifest.
291 silly tarball no local data for @tinyhttp/cookie@https://registry.npmjs.org/@tinyhttp/cookie/-/cookie-2.1.1.tgz. Extracting by manifest.
292 silly tarball no local data for @tinyhttp/vary@https://registry.npmjs.org/@tinyhttp/vary/-/vary-0.1.3.tgz. Extracting by manifest.
293 silly tarball no local data for dayjs@https://registry.npmjs.org/dayjs/-/dayjs-1.11.13.tgz. Extracting by manifest.
294 silly tarball no local data for @tinyhttp/proxy-addr@https://registry.npmjs.org/@tinyhttp/proxy-addr/-/proxy-addr-2.2.0.tgz. Extracting by manifest.
295 silly tarball no local data for sort-on@https://registry.npmjs.org/sort-on/-/sort-on-6.1.0.tgz. Extracting by manifest.
296 silly tarball no local data for @tinyhttp/res@https://registry.npmjs.org/@tinyhttp/res/-/res-2.2.4.tgz. Extracting by manifest.
297 silly tarball no local data for header-range-parser@https://registry.npmjs.org/header-range-parser/-/header-range-parser-1.1.3.tgz. Extracting by manifest.
298 silly tarball no local data for regexparam@https://registry.npmjs.org/regexparam/-/regexparam-2.0.2.tgz. Extracting by manifest.
299 silly tarball no local data for sirv@https://registry.npmjs.org/sirv/-/sirv-2.0.4.tgz. Extracting by manifest.
300 silly tarball no local data for milliparsec@https://registry.npmjs.org/milliparsec/-/milliparsec-4.0.0.tgz. Extracting by manifest.
301 silly tarball no local data for lowdb@https://registry.npmjs.org/lowdb/-/lowdb-7.0.1.tgz. Extracting by manifest.
302 silly tarball no local data for @tinyhttp/logger@https://registry.npmjs.org/@tinyhttp/logger/-/logger-2.0.0.tgz. Extracting by manifest.
303 silly tarball no local data for @tinyhttp/cors@https://registry.npmjs.org/@tinyhttp/cors/-/cors-2.0.1.tgz. Extracting by manifest.
304 silly tarball no local data for inflection@https://registry.npmjs.org/inflection/-/inflection-3.0.0.tgz. Extracting by manifest.
305 silly tarball no local data for @tinyhttp/app@https://registry.npmjs.org/@tinyhttp/app/-/app-2.4.0.tgz. Extracting by manifest.
306 silly tarball no local data for type-fest@https://registry.npmjs.org/type-fest/-/type-fest-4.26.1.tgz. Extracting by manifest.
307 silly tarball no local data for chalk@https://registry.npmjs.org/chalk/-/chalk-5.3.0.tgz. Extracting by manifest.
308 silly tarball no local data for eta@https://registry.npmjs.org/eta/-/eta-3.5.0.tgz. Extracting by manifest.
309 silly tarball no local data for readdirp@https://registry.npmjs.org/readdirp/-/readdirp-4.0.2.tgz. Extracting by manifest.
310 silly tarball no local data for dot-prop@https://registry.npmjs.org/dot-prop/-/dot-prop-9.0.0.tgz. Extracting by manifest.
311 silly tarball no local data for chokidar@https://registry.npmjs.org/chokidar/-/chokidar-4.0.1.tgz. Extracting by manifest.
312 silly tarball no local data for json-server@https://registry.npmjs.org/json-server/-/json-server-1.0.0-beta.3.tgz. Extracting by manifest.
313 http fetch POST 200 https://registry.npmjs.org/-/npm/v1/security/advisories/bulk 329ms
314 silly audit report {}
315 http fetch GET 200 https://registry.npmjs.org/totalist/-/totalist-3.0.1.tgz 330ms (cache miss)
316 http fetch GET 200 https://registry.npmjs.org/steno/-/steno-4.0.2.tgz 328ms (cache miss)
317 http fetch GET 200 https://registry.npmjs.org/mrmime/-/mrmime-2.0.0.tgz 329ms (cache miss)
318 http fetch GET 200 https://registry.npmjs.org/http-status-emojis/-/http-status-emojis-2.2.0.tgz 388ms (cache miss)
319 http fetch GET 200 https://registry.npmjs.org/mime/-/mime-4.0.4.tgz 391ms (cache miss)
320 http fetch GET 200 https://registry.npmjs.org/ipaddr.js/-/ipaddr.js-2.2.0.tgz 409ms (cache miss)
321 http fetch GET 200 https://registry.npmjs.org/colorette/-/colorette-2.0.20.tgz 496ms (cache miss)
322 http fetch GET 200 https://registry.npmjs.org/negotiator/-/negotiator-0.6.3.tgz 547ms (cache miss)
323 http fetch GET 200 https://registry.npmjs.org/es-escape-html/-/es-escape-html-0.1.1.tgz 690ms (cache miss)
324 http fetch GET 200 https://registry.npmjs.org/@polka/url/-/url-1.0.0-next.28.tgz 796ms (cache miss)
325 http fetch GET 200 https://registry.npmjs.org/@tinyhttp/content-type/-/content-type-0.1.4.tgz 802ms (cache miss)
326 http fetch GET 200 https://registry.npmjs.org/@tinyhttp/content-disposition/-/content-disposition-2.2.2.tgz 924ms (cache miss)
327 http fetch GET 200 https://registry.npmjs.org/@tinyhttp/cookie-signature/-/cookie-signature-2.1.1.tgz 1001ms (cache miss)
328 http fetch GET 200 https://registry.npmjs.org/sort-on/-/sort-on-6.1.0.tgz 1010ms (cache miss)
329 http fetch GET 200 https://registry.npmjs.org/@tinyhttp/send/-/send-2.2.3.tgz 1050ms (cache miss)
330 http fetch GET 200 https://registry.npmjs.org/header-range-parser/-/header-range-parser-1.1.3.tgz 1083ms (cache miss)
331 http fetch GET 200 https://registry.npmjs.org/regexparam/-/regexparam-2.0.2.tgz 1085ms (cache miss)
332 http fetch GET 200 https://registry.npmjs.org/sirv/-/sirv-2.0.4.tgz 1107ms (cache miss)
333 http fetch GET 200 https://registry.npmjs.org/@tinyhttp/etag/-/etag-2.1.2.tgz 1184ms (cache miss)
334 http fetch GET 200 https://registry.npmjs.org/@tinyhttp/req/-/req-2.2.4.tgz 1177ms (cache miss)
335 http fetch GET 200 https://registry.npmjs.org/lowdb/-/lowdb-7.0.1.tgz 1177ms (cache miss)
336 http fetch GET 200 https://registry.npmjs.org/milliparsec/-/milliparsec-4.0.0.tgz 1185ms (cache miss)
337 http fetch GET 200 https://registry.npmjs.org/@tinyhttp/url/-/url-2.1.1.tgz 1223ms (cache miss)
338 http fetch GET 200 https://registry.npmjs.org/@tinyhttp/forwarded/-/forwarded-2.1.1.tgz 1298ms (cache miss)
339 http fetch GET 200 https://registry.npmjs.org/@tinyhttp/accepts/-/accepts-2.2.3.tgz 1303ms (cache miss)
340 http fetch GET 200 https://registry.npmjs.org/@tinyhttp/router/-/router-2.2.3.tgz 1305ms (cache miss)
341 http fetch GET 200 https://registry.npmjs.org/dot-prop/-/dot-prop-9.0.0.tgz 1393ms (cache miss)
342 http fetch GET 200 https://registry.npmjs.org/chalk/-/chalk-5.3.0.tgz 1396ms (cache miss)
343 http fetch GET 200 https://registry.npmjs.org/readdirp/-/readdirp-4.0.2.tgz 1404ms (cache miss)
344 http fetch GET 200 https://registry.npmjs.org/inflection/-/inflection-3.0.0.tgz 1413ms (cache miss)
345 http fetch GET 200 https://registry.npmjs.org/json-server/-/json-server-1.0.0-beta.3.tgz 1499ms (cache miss)
346 http fetch GET 200 https://registry.npmjs.org/@tinyhttp/encode-url/-/encode-url-2.1.1.tgz 1532ms (cache miss)
347 http fetch GET 200 https://registry.npmjs.org/@tinyhttp/cookie/-/cookie-2.1.1.tgz 1529ms (cache miss)
348 http fetch GET 200 https://registry.npmjs.org/@tinyhttp/type-is/-/type-is-2.2.4.tgz 1542ms (cache miss)
349 http fetch GET 200 https://registry.npmjs.org/chokidar/-/chokidar-4.0.1.tgz 1548ms (cache miss)
350 http fetch GET 200 https://registry.npmjs.org/type-fest/-/type-fest-4.26.1.tgz 1554ms (cache miss)
351 http fetch GET 200 https://registry.npmjs.org/eta/-/eta-3.5.0.tgz 1587ms (cache miss)
352 http fetch GET 200 https://registry.npmjs.org/@tinyhttp/vary/-/vary-0.1.3.tgz 1601ms (cache miss)
353 http fetch GET 200 https://registry.npmjs.org/dayjs/-/dayjs-1.11.13.tgz 1651ms (cache miss)
354 http fetch GET 200 https://registry.npmjs.org/@tinyhttp/proxy-addr/-/proxy-addr-2.2.0.tgz 1819ms (cache miss)
355 http fetch GET 200 https://registry.npmjs.org/@tinyhttp/res/-/res-2.2.4.tgz 1943ms (cache miss)
356 http fetch GET 200 https://registry.npmjs.org/@tinyhttp/app/-/app-2.4.0.tgz 2028ms (cache miss)
357 http fetch GET 200 https://registry.npmjs.org/@tinyhttp/logger/-/logger-2.0.0.tgz 2081ms (cache miss)
358 http fetch GET 200 https://registry.npmjs.org/@tinyhttp/cors/-/cors-2.0.1.tgz 2176ms (cache miss)
359 silly ADD node_modules/totalist
360 silly ADD node_modules/mrmime
361 silly ADD node_modules/@polka/url
362 silly ADD node_modules/steno
363 silly ADD node_modules/@tinyhttp/etag
364 silly ADD node_modules/@tinyhttp/content-type
365 silly ADD node_modules/es-escape-html
366 silly ADD node_modules/@tinyhttp/send
367 silly ADD node_modules/@tinyhttp/encode-url
368 silly ADD node_modules/@tinyhttp/cookie-signature
369 silly ADD node_modules/@tinyhttp/content-disposition
370 silly ADD node_modules/negotiator
371 silly ADD node_modules/mime
372 silly ADD node_modules/@tinyhttp/url
373 silly ADD node_modules/@tinyhttp/type-is
374 silly ADD node_modules/@tinyhttp/accepts
375 silly ADD node_modules/ipaddr.js
376 silly ADD node_modules/@tinyhttp/forwarded
377 silly ADD node_modules/http-status-emojis
378 silly ADD node_modules/dayjs
379 silly ADD node_modules/colorette
380 silly ADD node_modules/@tinyhttp/vary
381 silly ADD node_modules/regexparam
382 silly ADD node_modules/header-range-parser
383 silly ADD node_modules/@tinyhttp/router
384 silly ADD node_modules/@tinyhttp/res
385 silly ADD node_modules/@tinyhttp/req
386 silly ADD node_modules/@tinyhttp/proxy-addr
387 silly ADD node_modules/@tinyhttp/cookie
388 silly ADD node_modules/sort-on
389 silly ADD node_modules/sirv
390 silly ADD node_modules/milliparsec
391 silly ADD node_modules/lowdb
392 silly ADD node_modules/inflection
393 silly ADD node_modules/eta
394 silly ADD node_modules/dot-prop
395 silly ADD node_modules/dot-prop/node_modules/type-fest
396 silly ADD node_modules/@tinyhttp/logger
397 silly ADD node_modules/@tinyhttp/cors
398 silly ADD node_modules/@tinyhttp/app
399 silly ADD node_modules/json-server
400 silly ADD node_modules/json-server/node_modules/readdirp
401 silly ADD node_modules/json-server/node_modules/json5
402 silly ADD node_modules/json-server/node_modules/chokidar
403 silly ADD node_modules/json-server/node_modules/chalk
404 silly ADD
405 silly ADD
406 silly ADD
407 silly ADD
408 silly ADD
409 silly ADD
410 silly ADD
411 silly ADD
412 silly ADD
413 verbose cwd C:\Users\user\pw2if31\latihan-react-wilfridasisilia\latihan-api
414 verbose os Windows_NT 10.0.22631
415 verbose node v20.11.0
416 verbose npm  v10.9.0
417 verbose exit 0
418 info ok
