0 verbose cli C:\Program Files\nodejs\node.exe C:\Program Files\nodejs\node_modules\npm\bin\npm-cli.js
1 info using npm@10.2.4
2 info using node@v20.11.0
3 timing npm:load:whichnode Completed in 1ms
4 timing config:load:defaults Completed in 2ms
5 timing config:load:file:C:\Program Files\nodejs\node_modules\npm\npmrc Completed in 3ms
6 timing config:load:builtin Completed in 3ms
7 timing config:load:cli Completed in 2ms
8 timing config:load:env Completed in 0ms
9 timing config:load:file:c:\Users\user\pw2if31\latihan-react-wilfridasisilia\my-next\.npmrc Completed in 0ms
10 timing config:load:project Completed in 2ms
11 timing config:load:file:C:\Users\user\.npmrc Completed in 1ms
12 timing config:load:user Completed in 1ms
13 timing config:load:file:C:\npm-global\etc\npmrc Completed in 1ms
14 timing config:load:global Completed in 1ms
15 timing config:load:setEnvs Completed in 0ms
16 timing config:load Completed in 11ms
17 timing npm:load:configload Completed in 11ms
18 timing config:load:flatten Completed in 2ms
19 timing npm:load:mkdirpcache Completed in 0ms
20 timing npm:load:mkdirplogs Completed in 1ms
21 verbose title npm view react description dist-tags.latest homepage version time
22 verbose argv "view" "--json" "--" "react" "description" "dist-tags.latest" "homepage" "version" "time"
23 timing npm:load:setTitle Completed in 1ms
24 timing npm:load:display Completed in 1ms
25 verbose logfile logs-max:10 dir:C:\Users\user\pw2if31\latihan-react-wilfridasisilia\my-next\UsersuserAppDataRoamingnpm-cache\_logs\2024-10-11T07_04_37_164Z-
26 verbose logfile C:\Users\user\pw2if31\latihan-react-wilfridasisilia\my-next\UsersuserAppDataRoamingnpm-cache\_logs\2024-10-11T07_04_37_164Z-debug-0.log
27 timing npm:load:logFile Completed in 13ms
28 timing npm:load:timers Completed in 0ms
29 timing npm:load:configScope Completed in 0ms
30 timing npm:load Completed in 56ms
31 silly logfile done cleaning log files
32 http fetch GET 200 https://registry.npmjs.org/npm 540ms (cache miss)
33 http fetch GET 200 https://registry.npmjs.org/react 738ms (cache miss)
34 timing command:view Completed in 826ms
35 notice
35 notice New minor version of npm available! 10.2.4 -> 10.9.0
35 notice Changelog: <https://github.com/npm/cli/releases/tag/v10.9.0>
35 notice Run `npm install -g npm@10.9.0` to update!
35 notice
36 verbose exit 0
37 timing npm Completed in 1030ms
38 info ok
