0 verbose cli C:\Program Files\nodejs\node.exe C:\Program Files\nodejs\node_modules\npm\bin\npm-cli.js
1 info using npm@10.2.4
2 info using node@v20.11.0
3 timing npm:load:whichnode Completed in 2ms
4 timing config:load:defaults Completed in 2ms
5 timing config:load:file:C:\Program Files\nodejs\node_modules\npm\npmrc Completed in 5ms
6 timing config:load:builtin Completed in 5ms
7 timing config:load:cli Completed in 1ms
8 timing config:load:env Completed in 1ms
9 timing config:load:file:C:\Users\user\pw2if31\latihan-react-wilfridasisilia\.npmrc Completed in 0ms
10 timing config:load:project Completed in 2ms
11 timing config:load:file:C:\Users\user\.npmrc Completed in 1ms
12 timing config:load:user Completed in 1ms
13 timing config:load:file:C:\npm-global\etc\npmrc Completed in 0ms
14 timing config:load:global Completed in 0ms
15 timing config:load:setEnvs Completed in 1ms
16 timing config:load Completed in 13ms
17 timing npm:load:configload Completed in 13ms
18 timing config:load:flatten Completed in 2ms
19 timing npm:load:mkdirpcache Completed in 0ms
20 timing npm:load:mkdirplogs Completed in 1ms
21 verbose title npm install @babel/preset-react
22 verbose argv "install" "@babel/preset-react"
23 timing npm:load:setTitle Completed in 1ms
24 timing npm:load:display Completed in 0ms
25 verbose logfile logs-max:10 dir:C:\Users\user\pw2if31\latihan-react-wilfridasisilia\UsersuserAppDataRoamingnpm-cache\_logs\2024-10-07T12_51_23_723Z-
26 verbose logfile C:\Users\user\pw2if31\latihan-react-wilfridasisilia\UsersuserAppDataRoamingnpm-cache\_logs\2024-10-07T12_51_23_723Z-debug-0.log
27 timing npm:load:logFile Completed in 15ms
28 timing npm:load:timers Completed in 0ms
29 timing npm:load:configScope Completed in 0ms
30 timing npm:load Completed in 61ms
31 timing config:load:flatten Completed in 0ms
32 timing arborist:ctor Completed in 1ms
33 silly logfile done cleaning log files
34 timing idealTree:init Completed in 6ms
35 timing idealTree:userRequests Completed in 2ms
36 silly idealTree buildDeps
37 silly fetch manifest @babel/preset-react@*
38 http fetch GET 200 https://registry.npmjs.org/@babel%2fpreset-react 371ms (cache miss)
39 silly fetch manifest @babel/core@^7.0.0-0
40 http fetch GET 200 https://registry.npmjs.org/npm 545ms (cache miss)
41 http fetch GET 200 https://registry.npmjs.org/@babel%2fcore 212ms (cache miss)
42 silly placeDep ROOT @babel/preset-react@7.25.7 OK for:  want: *
43 silly placeDep ROOT @babel/core@7.25.7 OK for: @babel/preset-react@7.25.7 want: ^7.0.0-0
44 silly fetch manifest @babel/helper-plugin-utils@^7.25.7
45 silly fetch manifest @babel/helper-validator-option@^7.25.7
46 silly fetch manifest @babel/plugin-transform-react-display-name@^7.25.7
47 silly fetch manifest @babel/plugin-transform-react-jsx@^7.25.7
48 silly fetch manifest @babel/plugin-transform-react-jsx-development@^7.25.7
49 silly fetch manifest @babel/plugin-transform-react-pure-annotations@^7.25.7
50 silly fetch manifest @ampproject/remapping@^2.2.0
51 silly fetch manifest @babel/code-frame@^7.25.7
52 silly fetch manifest @babel/generator@^7.25.7
53 silly fetch manifest @babel/helper-compilation-targets@^7.25.7
54 silly fetch manifest @babel/helper-module-transforms@^7.25.7
55 silly fetch manifest @babel/helpers@^7.25.7
56 silly fetch manifest @babel/parser@^7.25.7
57 silly fetch manifest @babel/template@^7.25.7
58 silly fetch manifest @babel/traverse@^7.25.7
59 silly fetch manifest @babel/types@^7.25.7
60 silly fetch manifest convert-source-map@^2.0.0
61 silly fetch manifest debug@^4.1.0
62 silly fetch manifest gensync@^1.0.0-beta.2
63 silly fetch manifest json5@^2.2.3
64 silly fetch manifest semver@^6.3.1
65 http fetch GET 200 https://registry.npmjs.org/@babel%2fhelper-validator-option 171ms (cache miss)
66 http fetch GET 200 https://registry.npmjs.org/@babel%2fhelper-plugin-utils 185ms (cache miss)
67 http fetch GET 200 https://registry.npmjs.org/@babel%2fplugin-transform-react-pure-annotations 395ms (cache miss)
68 http fetch GET 200 https://registry.npmjs.org/@babel%2fplugin-transform-react-display-name 399ms (cache miss)
69 http fetch GET 200 https://registry.npmjs.org/@ampproject%2fremapping 408ms (cache miss)
70 http fetch GET 200 https://registry.npmjs.org/convert-source-map 411ms (cache miss)
71 http fetch GET 200 https://registry.npmjs.org/@babel%2fplugin-transform-react-jsx-development 421ms (cache miss)
72 http fetch GET 200 https://registry.npmjs.org/@babel%2fhelper-module-transforms 441ms (cache miss)
73 http fetch GET 200 https://registry.npmjs.org/json5 451ms (cache miss)
74 http fetch GET 200 https://registry.npmjs.org/semver 471ms (cache miss)
75 http fetch GET 200 https://registry.npmjs.org/@babel%2fcode-frame 483ms (cache miss)
76 http fetch GET 200 https://registry.npmjs.org/@babel%2fhelper-compilation-targets 498ms (cache miss)
77 http fetch GET 200 https://registry.npmjs.org/@babel%2fplugin-transform-react-jsx 501ms (cache miss)
78 http fetch GET 200 https://registry.npmjs.org/@babel%2ftemplate 511ms (cache miss)
79 http fetch GET 200 https://registry.npmjs.org/gensync 532ms (cache miss)
80 http fetch GET 200 https://registry.npmjs.org/debug 535ms (cache miss)
81 http fetch GET 200 https://registry.npmjs.org/@babel%2fgenerator 552ms (cache miss)
82 http fetch GET 200 https://registry.npmjs.org/@babel%2fhelpers 557ms (cache miss)
83 http fetch GET 200 https://registry.npmjs.org/@babel%2ftypes 561ms (cache miss)
84 http fetch GET 200 https://registry.npmjs.org/@babel%2fparser 592ms (cache miss)
85 http fetch GET 200 https://registry.npmjs.org/@babel%2ftraverse 607ms (cache miss)
86 timing idealTree:#root Completed in 1212ms
87 silly fetch manifest @babel/core@^7.0.0
88 silly placeDep ROOT @ampproject/remapping@2.3.0 OK for: @babel/core@7.25.7 want: ^2.2.0
89 silly fetch manifest @jridgewell/gen-mapping@^0.3.5
90 silly fetch manifest @jridgewell/trace-mapping@^0.3.24
91 silly placeDep ROOT @babel/code-frame@7.25.7 OK for: @babel/core@7.25.7 want: ^7.25.7
92 silly fetch manifest @babel/highlight@^7.25.7
93 silly fetch manifest picocolors@^1.0.0
94 silly placeDep ROOT @babel/generator@7.25.7 OK for: @babel/core@7.25.7 want: ^7.25.7
95 silly fetch manifest @jridgewell/trace-mapping@^0.3.25
96 silly fetch manifest jsesc@^3.0.2
97 silly placeDep ROOT @babel/helper-compilation-targets@7.25.7 OK for: @babel/core@7.25.7 want: ^7.25.7
98 silly fetch manifest @babel/compat-data@^7.25.7
99 silly fetch manifest browserslist@^4.24.0
100 silly fetch manifest lru-cache@^5.1.1
101 silly placeDep ROOT @babel/helper-module-transforms@7.25.7 OK for: @babel/core@7.25.7 want: ^7.25.7
102 silly fetch manifest @babel/helper-module-imports@^7.25.7
103 silly fetch manifest @babel/helper-simple-access@^7.25.7
104 silly fetch manifest @babel/helper-validator-identifier@^7.25.7
105 silly placeDep ROOT @babel/helpers@7.25.7 OK for: @babel/core@7.25.7 want: ^7.25.7
106 silly placeDep ROOT @babel/parser@7.25.7 OK for: @babel/core@7.25.7 want: ^7.25.7
107 silly placeDep ROOT @babel/template@7.25.7 OK for: @babel/core@7.25.7 want: ^7.25.7
108 silly placeDep ROOT @babel/traverse@7.25.7 OK for: @babel/core@7.25.7 want: ^7.25.7
109 silly fetch manifest debug@^4.3.1
110 silly fetch manifest globals@^11.1.0
111 silly placeDep ROOT @babel/types@7.25.7 OK for: @babel/core@7.25.7 want: ^7.25.7
112 silly fetch manifest @babel/helper-string-parser@^7.25.7
113 silly fetch manifest to-fast-properties@^2.0.0
114 silly placeDep ROOT convert-source-map@2.0.0 OK for: @babel/core@7.25.7 want: ^2.0.0
115 silly placeDep ROOT debug@4.3.7 OK for: @babel/core@7.25.7 want: ^4.1.0
116 silly fetch manifest ms@^2.1.3
117 silly placeDep ROOT gensync@1.0.0-beta.2 OK for: @babel/core@7.25.7 want: ^1.0.0-beta.2
118 silly placeDep ROOT json5@2.2.3 OK for: @babel/core@7.25.7 want: ^2.2.3
119 silly placeDep ROOT semver@6.3.1 OK for: @babel/core@7.25.7 want: ^6.3.1
120 http fetch GET 200 https://registry.npmjs.org/globals 201ms (cache miss)
121 http fetch GET 200 https://registry.npmjs.org/picocolors 222ms (cache miss)
122 http fetch GET 200 https://registry.npmjs.org/jsesc 220ms (cache miss)
123 http fetch GET 200 https://registry.npmjs.org/@babel%2fhelper-string-parser 205ms (cache miss)
124 http fetch GET 200 https://registry.npmjs.org/to-fast-properties 222ms (cache miss)
125 http fetch GET 200 https://registry.npmjs.org/@jridgewell%2fgen-mapping 249ms (cache miss)
126 http fetch GET 200 https://registry.npmjs.org/@babel%2fcompat-data 242ms (cache miss)
127 http fetch GET 200 https://registry.npmjs.org/@jridgewell%2ftrace-mapping 258ms (cache miss)
128 http fetch GET 200 https://registry.npmjs.org/@babel%2fhelper-simple-access 248ms (cache miss)
129 http fetch GET 200 https://registry.npmjs.org/@babel%2fhighlight 271ms (cache miss)
130 http fetch GET 200 https://registry.npmjs.org/@jridgewell%2ftrace-mapping 276ms (cache miss)
131 http fetch GET 200 https://registry.npmjs.org/@babel%2fhelper-validator-identifier 276ms (cache miss)
132 http fetch GET 200 https://registry.npmjs.org/lru-cache 281ms (cache miss)
133 http fetch GET 200 https://registry.npmjs.org/ms 271ms (cache miss)
134 http fetch GET 200 https://registry.npmjs.org/browserslist 289ms (cache miss)
135 http fetch GET 200 https://registry.npmjs.org/@babel%2fhelper-module-imports 806ms (cache miss)
136 timing idealTree:node_modules/@babel/core Completed in 836ms
137 silly placeDep ROOT @jridgewell/gen-mapping@0.3.5 OK for: @ampproject/remapping@2.3.0 want: ^0.3.5
138 silly fetch manifest @jridgewell/set-array@^1.2.1
139 silly fetch manifest @jridgewell/sourcemap-codec@^1.4.10
140 silly placeDep ROOT @jridgewell/trace-mapping@0.3.25 OK for: @ampproject/remapping@2.3.0 want: ^0.3.24
141 silly fetch manifest @jridgewell/resolve-uri@^3.1.0
142 silly fetch manifest @jridgewell/sourcemap-codec@^1.4.14
143 http fetch GET 200 https://registry.npmjs.org/@jridgewell%2fsourcemap-codec 118ms (cache miss)
144 http fetch GET 200 https://registry.npmjs.org/@jridgewell%2fsourcemap-codec 132ms (cache miss)
145 http fetch GET 200 https://registry.npmjs.org/@jridgewell%2fset-array 134ms (cache miss)
146 http fetch GET 200 https://registry.npmjs.org/@jridgewell%2fresolve-uri 154ms (cache miss)
147 timing idealTree:node_modules/@ampproject/remapping Completed in 160ms
148 silly placeDep ROOT @babel/highlight@7.25.7 OK for: @babel/code-frame@7.25.7 want: ^7.25.7
149 silly fetch manifest chalk@^2.4.2
150 silly fetch manifest js-tokens@^4.0.0
151 silly placeDep ROOT picocolors@1.1.0 OK for: @babel/code-frame@7.25.7 want: ^1.0.0
152 http fetch GET 200 https://registry.npmjs.org/chalk 131ms (cache miss)
153 http fetch GET 200 https://registry.npmjs.org/js-tokens 152ms (cache miss)
154 timing idealTree:node_modules/@babel/code-frame Completed in 156ms
155 silly placeDep ROOT jsesc@3.0.2 OK for: @babel/generator@7.25.7 want: ^3.0.2
156 timing idealTree:node_modules/@babel/generator Completed in 1ms
157 silly placeDep ROOT @babel/compat-data@7.25.7 OK for: @babel/helper-compilation-targets@7.25.7 want: ^7.25.7
158 silly placeDep ROOT @babel/helper-validator-option@7.25.7 OK for: @babel/helper-compilation-targets@7.25.7 want: ^7.25.7
159 silly placeDep ROOT browserslist@4.24.0 OK for: @babel/helper-compilation-targets@7.25.7 want: ^4.24.0
160 silly fetch manifest caniuse-lite@^1.0.30001663
161 silly fetch manifest electron-to-chromium@^1.5.28
162 silly fetch manifest node-releases@^2.0.18
163 silly fetch manifest update-browserslist-db@^1.1.0
164 silly placeDep ROOT lru-cache@5.1.1 OK for: @babel/helper-compilation-targets@7.25.7 want: ^5.1.1
165 silly fetch manifest yallist@^3.0.2
166 http fetch GET 200 https://registry.npmjs.org/update-browserslist-db 119ms (cache miss)
167 http fetch GET 200 https://registry.npmjs.org/yallist 119ms (cache miss)
168 http fetch GET 200 https://registry.npmjs.org/node-releases 318ms (cache miss)
169 http fetch GET 200 https://registry.npmjs.org/caniuse-lite 322ms (cache miss)
170 http fetch GET 200 https://registry.npmjs.org/electron-to-chromium 557ms (cache miss)
171 timing idealTree:node_modules/@babel/helper-compilation-targets Completed in 570ms
172 timing idealTree:node_modules/@babel/compat-data Completed in 0ms
173 silly placeDep ROOT @babel/helper-module-imports@7.25.7 OK for: @babel/helper-module-transforms@7.25.7 want: ^7.25.7
174 silly placeDep ROOT @babel/helper-simple-access@7.25.7 OK for: @babel/helper-module-transforms@7.25.7 want: ^7.25.7
175 silly placeDep ROOT @babel/helper-validator-identifier@7.25.7 OK for: @babel/helper-module-transforms@7.25.7 want: ^7.25.7
176 timing idealTree:node_modules/@babel/helper-module-transforms Completed in 3ms
177 timing idealTree:node_modules/@babel/helper-module-imports Completed in 0ms
178 timing idealTree:node_modules/@babel/helper-simple-access Completed in 0ms
179 timing idealTree:node_modules/@babel/helper-validator-identifier Completed in 0ms
180 timing idealTree:node_modules/@babel/helper-validator-option Completed in 0ms
181 timing idealTree:node_modules/@babel/helpers Completed in 0ms
182 silly placeDep ROOT chalk@2.4.2 OK for: @babel/highlight@7.25.7 want: ^2.4.2
183 silly fetch manifest ansi-styles@^3.2.1
184 silly fetch manifest supports-color@^5.3.0
185 silly fetch manifest escape-string-regexp@^1.0.5
186 silly placeDep ROOT js-tokens@4.0.0 OK for: @babel/highlight@7.25.7 want: ^4.0.0
187 http fetch GET 200 https://registry.npmjs.org/escape-string-regexp 128ms (cache miss)
188 http fetch GET 200 https://registry.npmjs.org/ansi-styles 130ms (cache miss)
189 http fetch GET 200 https://registry.npmjs.org/supports-color 130ms (cache miss)
190 timing idealTree:node_modules/@babel/highlight Completed in 133ms
191 timing idealTree:node_modules/@babel/parser Completed in 0ms
192 silly placeDep ROOT @babel/helper-plugin-utils@7.25.7 OK for: @babel/preset-react@7.25.7 want: ^7.25.7
193 silly placeDep ROOT @babel/plugin-transform-react-display-name@7.25.7 OK for: @babel/preset-react@7.25.7 want: ^7.25.7
194 silly placeDep ROOT @babel/plugin-transform-react-jsx@7.25.7 OK for: @babel/preset-react@7.25.7 want: ^7.25.7
195 silly fetch manifest @babel/helper-annotate-as-pure@^7.25.7
196 silly fetch manifest @babel/plugin-syntax-jsx@^7.25.7
197 silly placeDep ROOT @babel/plugin-transform-react-jsx-development@7.25.7 OK for: @babel/preset-react@7.25.7 want: ^7.25.7
198 silly placeDep ROOT @babel/plugin-transform-react-pure-annotations@7.25.7 OK for: @babel/preset-react@7.25.7 want: ^7.25.7
199 http fetch GET 200 https://registry.npmjs.org/@babel%2fplugin-syntax-jsx 129ms (cache miss)
200 http fetch GET 200 https://registry.npmjs.org/@babel%2fhelper-annotate-as-pure 185ms (cache miss)
201 timing idealTree:node_modules/@babel/preset-react Completed in 195ms
202 timing idealTree:node_modules/@babel/helper-plugin-utils Completed in 0ms
203 timing idealTree:node_modules/@babel/plugin-transform-react-display-name Completed in 0ms
204 silly placeDep ROOT @babel/helper-annotate-as-pure@7.25.7 OK for: @babel/plugin-transform-react-jsx@7.25.7 want: ^7.25.7
205 silly placeDep ROOT @babel/plugin-syntax-jsx@7.25.7 OK for: @babel/plugin-transform-react-jsx@7.25.7 want: ^7.25.7
206 timing idealTree:node_modules/@babel/plugin-transform-react-jsx Completed in 5ms
207 timing idealTree:node_modules/@babel/helper-annotate-as-pure Completed in 0ms
208 timing idealTree:node_modules/@babel/plugin-syntax-jsx Completed in 0ms
209 timing idealTree:node_modules/@babel/plugin-transform-react-jsx-development Completed in 0ms
210 timing idealTree:node_modules/@babel/plugin-transform-react-pure-annotations Completed in 0ms
211 timing idealTree:node_modules/@babel/template Completed in 0ms
212 silly placeDep ROOT globals@11.12.0 OK for: @babel/traverse@7.25.7 want: ^11.1.0
213 timing idealTree:node_modules/@babel/traverse Completed in 1ms
214 silly placeDep ROOT @babel/helper-string-parser@7.25.7 OK for: @babel/types@7.25.7 want: ^7.25.7
215 silly placeDep ROOT to-fast-properties@2.0.0 OK for: @babel/types@7.25.7 want: ^2.0.0
216 timing idealTree:node_modules/@babel/types Completed in 1ms
217 timing idealTree:node_modules/@babel/helper-string-parser Completed in 0ms
218 silly placeDep ROOT @jridgewell/set-array@1.2.1 OK for: @jridgewell/gen-mapping@0.3.5 want: ^1.2.1
219 silly placeDep ROOT @jridgewell/sourcemap-codec@1.5.0 OK for: @jridgewell/gen-mapping@0.3.5 want: ^1.4.10
220 timing idealTree:node_modules/@jridgewell/gen-mapping Completed in 2ms
221 timing idealTree:node_modules/@jridgewell/set-array Completed in 0ms
222 timing idealTree:node_modules/@jridgewell/sourcemap-codec Completed in 0ms
223 silly placeDep ROOT @jridgewell/resolve-uri@3.1.2 OK for: @jridgewell/trace-mapping@0.3.25 want: ^3.1.0
224 timing idealTree:node_modules/@jridgewell/trace-mapping Completed in 1ms
225 timing idealTree:node_modules/@jridgewell/resolve-uri Completed in 0ms
226 silly fetch manifest browserslist@>= 4.21.0
227 silly placeDep ROOT caniuse-lite@1.0.30001667 OK for: browserslist@4.24.0 want: ^1.0.30001663
228 silly placeDep ROOT electron-to-chromium@1.5.32 OK for: browserslist@4.24.0 want: ^1.5.28
229 silly placeDep ROOT node-releases@2.0.18 OK for: browserslist@4.24.0 want: ^2.0.18
230 silly placeDep ROOT update-browserslist-db@1.1.1 OK for: browserslist@4.24.0 want: ^1.1.0
231 silly fetch manifest escalade@^3.2.0
232 http fetch GET 200 https://registry.npmjs.org/escalade 125ms (cache miss)
233 timing idealTree:node_modules/browserslist Completed in 130ms
234 timing idealTree:node_modules/caniuse-lite Completed in 0ms
235 silly placeDep ROOT ansi-styles@3.2.1 OK for: chalk@2.4.2 want: ^3.2.1
236 silly fetch manifest color-convert@^1.9.0
237 silly placeDep ROOT escape-string-regexp@1.0.5 OK for: chalk@2.4.2 want: ^1.0.5
238 silly placeDep ROOT supports-color@5.5.0 OK for: chalk@2.4.2 want: ^5.3.0
239 silly fetch manifest has-flag@^3.0.0
240 http fetch GET 200 https://registry.npmjs.org/color-convert 110ms (cache miss)
241 http fetch GET 200 https://registry.npmjs.org/has-flag 126ms (cache miss)
242 timing idealTree:node_modules/chalk Completed in 132ms
243 silly placeDep ROOT color-convert@1.9.3 OK for: ansi-styles@3.2.1 want: ^1.9.0
244 silly fetch manifest color-name@1.1.3
245 http fetch GET 200 https://registry.npmjs.org/color-name 133ms (cache miss)
246 timing idealTree:node_modules/ansi-styles Completed in 137ms
247 silly placeDep ROOT color-name@1.1.3 OK for: color-convert@1.9.3 want: 1.1.3
248 timing idealTree:node_modules/color-convert Completed in 2ms
249 timing idealTree:node_modules/color-name Completed in 0ms
250 timing idealTree:node_modules/convert-source-map Completed in 0ms
251 silly placeDep ROOT ms@2.1.3 OK for: debug@4.3.7 want: ^2.1.3
252 timing idealTree:node_modules/debug Completed in 1ms
253 timing idealTree:node_modules/electron-to-chromium Completed in 0ms
254 timing idealTree:node_modules/escape-string-regexp Completed in 0ms
255 timing idealTree:node_modules/gensync Completed in 0ms
256 timing idealTree:node_modules/globals Completed in 0ms
257 timing idealTree:node_modules/js-tokens Completed in 0ms
258 timing idealTree:node_modules/jsesc Completed in 0ms
259 timing idealTree:node_modules/json5 Completed in 0ms
260 silly placeDep ROOT yallist@3.1.1 OK for: lru-cache@5.1.1 want: ^3.0.2
261 timing idealTree:node_modules/lru-cache Completed in 1ms
262 timing idealTree:node_modules/ms Completed in 0ms
263 timing idealTree:node_modules/node-releases Completed in 0ms
264 timing idealTree:node_modules/picocolors Completed in 0ms
265 timing idealTree:node_modules/semver Completed in 0ms
266 silly placeDep ROOT has-flag@3.0.0 OK for: supports-color@5.5.0 want: ^3.0.0
267 timing idealTree:node_modules/supports-color Completed in 0ms
268 timing idealTree:node_modules/has-flag Completed in 0ms
269 timing idealTree:node_modules/to-fast-properties Completed in 0ms
270 silly placeDep ROOT escalade@3.2.0 OK for: update-browserslist-db@1.1.1 want: ^3.2.0
271 timing idealTree:node_modules/update-browserslist-db Completed in 1ms
272 timing idealTree:node_modules/escalade Completed in 0ms
273 timing idealTree:node_modules/yallist Completed in 0ms
274 timing idealTree:buildDeps Completed in 3683ms
275 timing idealTree:fixDepFlags Completed in 2ms
276 timing idealTree Completed in 3695ms
277 timing reify:loadTrees Completed in 3696ms
278 timing reify:diffTrees Completed in 2ms
279 silly reify moves {}
280 timing reify:retireShallow Completed in 1ms
281 timing reify:createSparse Completed in 22ms
282 timing reify:loadBundles Completed in 0ms
283 silly tarball no local data for yallist@https://registry.npmjs.org/yallist/-/yallist-3.1.1.tgz. Extracting by manifest.
284 silly tarball no local data for has-flag@https://registry.npmjs.org/has-flag/-/has-flag-3.0.0.tgz. Extracting by manifest.
285 silly tarball no local data for escalade@https://registry.npmjs.org/escalade/-/escalade-3.2.0.tgz. Extracting by manifest.
286 silly tarball no local data for color-name@https://registry.npmjs.org/color-name/-/color-name-1.1.3.tgz. Extracting by manifest.
287 silly tarball no local data for ms@https://registry.npmjs.org/ms/-/ms-2.1.3.tgz. Extracting by manifest.
288 silly tarball no local data for supports-color@https://registry.npmjs.org/supports-color/-/supports-color-5.5.0.tgz. Extracting by manifest.
289 silly tarball no local data for escape-string-regexp@https://registry.npmjs.org/escape-string-regexp/-/escape-string-regexp-1.0.5.tgz. Extracting by manifest.
290 silly tarball no local data for update-browserslist-db@https://registry.npmjs.org/update-browserslist-db/-/update-browserslist-db-1.1.1.tgz. Extracting by manifest.
291 silly tarball no local data for electron-to-chromium@https://registry.npmjs.org/electron-to-chromium/-/electron-to-chromium-1.5.32.tgz. Extracting by manifest.
292 silly tarball no local data for color-convert@https://registry.npmjs.org/color-convert/-/color-convert-1.9.3.tgz. Extracting by manifest.
293 silly tarball no local data for node-releases@https://registry.npmjs.org/node-releases/-/node-releases-2.0.18.tgz. Extracting by manifest.
294 silly tarball no local data for ansi-styles@https://registry.npmjs.org/ansi-styles/-/ansi-styles-3.2.1.tgz. Extracting by manifest.
295 silly tarball no local data for to-fast-properties@https://registry.npmjs.org/to-fast-properties/-/to-fast-properties-2.0.0.tgz. Extracting by manifest.
296 silly tarball no local data for @jridgewell/sourcemap-codec@https://registry.npmjs.org/@jridgewell/sourcemap-codec/-/sourcemap-codec-1.5.0.tgz. Extracting by manifest.
297 silly tarball no local data for caniuse-lite@https://registry.npmjs.org/caniuse-lite/-/caniuse-lite-1.0.30001667.tgz. Extracting by manifest.
298 silly tarball no local data for globals@https://registry.npmjs.org/globals/-/globals-11.12.0.tgz. Extracting by manifest.
299 silly tarball no local data for @jridgewell/set-array@https://registry.npmjs.org/@jridgewell/set-array/-/set-array-1.2.1.tgz. Extracting by manifest.
300 silly tarball no local data for @jridgewell/resolve-uri@https://registry.npmjs.org/@jridgewell/resolve-uri/-/resolve-uri-3.1.2.tgz. Extracting by manifest.
301 silly tarball no local data for @babel/helper-string-parser@https://registry.npmjs.org/@babel/helper-string-parser/-/helper-string-parser-7.25.7.tgz. Extracting by manifest.
302 silly tarball no local data for @babel/plugin-syntax-jsx@https://registry.npmjs.org/@babel/plugin-syntax-jsx/-/plugin-syntax-jsx-7.25.7.tgz. Extracting by manifest.
303 silly tarball no local data for @babel/plugin-transform-react-jsx-development@https://registry.npmjs.org/@babel/plugin-transform-react-jsx-development/-/plugin-transform-react-jsx-development-7.25.7.tgz. Extracting by manifest.
304 silly tarball no local data for @babel/plugin-transform-react-pure-annotations@https://registry.npmjs.org/@babel/plugin-transform-react-pure-annotations/-/plugin-transform-react-pure-annotations-7.25.7.tgz. Extracting by manifest.
305 silly tarball no local data for @babel/plugin-transform-react-jsx@https://registry.npmjs.org/@babel/plugin-transform-react-jsx/-/plugin-transform-react-jsx-7.25.7.tgz. Extracting by manifest.
306 silly tarball no local data for @babel/helper-annotate-as-pure@https://registry.npmjs.org/@babel/helper-annotate-as-pure/-/helper-annotate-as-pure-7.25.7.tgz. Extracting by manifest.
307 silly tarball no local data for @babel/plugin-transform-react-display-name@https://registry.npmjs.org/@babel/plugin-transform-react-display-name/-/plugin-transform-react-display-name-7.25.7.tgz. Extracting by manifest.
308 silly tarball no local data for @babel/helper-plugin-utils@https://registry.npmjs.org/@babel/helper-plugin-utils/-/helper-plugin-utils-7.25.7.tgz. Extracting by manifest.
309 silly tarball no local data for chalk@https://registry.npmjs.org/chalk/-/chalk-2.4.2.tgz. Extracting by manifest.
310 silly tarball no local data for @babel/helper-validator-identifier@https://registry.npmjs.org/@babel/helper-validator-identifier/-/helper-validator-identifier-7.25.7.tgz. Extracting by manifest.
311 silly tarball no local data for js-tokens@https://registry.npmjs.org/js-tokens/-/js-tokens-4.0.0.tgz. Extracting by manifest.
312 silly tarball no local data for @babel/helper-module-imports@https://registry.npmjs.org/@babel/helper-module-imports/-/helper-module-imports-7.25.7.tgz. Extracting by manifest.
313 silly tarball no local data for lru-cache@https://registry.npmjs.org/lru-cache/-/lru-cache-5.1.1.tgz. Extracting by manifest.
314 silly tarball no local data for @babel/helper-simple-access@https://registry.npmjs.org/@babel/helper-simple-access/-/helper-simple-access-7.25.7.tgz. Extracting by manifest.
315 silly tarball no local data for @babel/highlight@https://registry.npmjs.org/@babel/highlight/-/highlight-7.25.7.tgz. Extracting by manifest.
316 silly tarball no local data for browserslist@https://registry.npmjs.org/browserslist/-/browserslist-4.24.0.tgz. Extracting by manifest.
317 silly tarball no local data for @jridgewell/trace-mapping@https://registry.npmjs.org/@jridgewell/trace-mapping/-/trace-mapping-0.3.25.tgz. Extracting by manifest.
318 silly tarball no local data for jsesc@https://registry.npmjs.org/jsesc/-/jsesc-3.0.2.tgz. Extracting by manifest.
319 silly tarball no local data for @babel/compat-data@https://registry.npmjs.org/@babel/compat-data/-/compat-data-7.25.7.tgz. Extracting by manifest.
320 silly tarball no local data for picocolors@https://registry.npmjs.org/picocolors/-/picocolors-1.1.0.tgz. Extracting by manifest.
321 silly tarball no local data for @babel/helper-validator-option@https://registry.npmjs.org/@babel/helper-validator-option/-/helper-validator-option-7.25.7.tgz. Extracting by manifest.
322 silly tarball no local data for @jridgewell/gen-mapping@https://registry.npmjs.org/@jridgewell/gen-mapping/-/gen-mapping-0.3.5.tgz. Extracting by manifest.
323 silly tarball no local data for semver@https://registry.npmjs.org/semver/-/semver-6.3.1.tgz. Extracting by manifest.
324 silly tarball no local data for json5@https://registry.npmjs.org/json5/-/json5-2.2.3.tgz. Extracting by manifest.
325 silly tarball no local data for convert-source-map@https://registry.npmjs.org/convert-source-map/-/convert-source-map-2.0.0.tgz. Extracting by manifest.
326 silly tarball no local data for gensync@https://registry.npmjs.org/gensync/-/gensync-1.0.0-beta.2.tgz. Extracting by manifest.
327 silly tarball no local data for debug@https://registry.npmjs.org/debug/-/debug-4.3.7.tgz. Extracting by manifest.
328 silly tarball no local data for @babel/parser@https://registry.npmjs.org/@babel/parser/-/parser-7.25.7.tgz. Extracting by manifest.
329 silly tarball no local data for @babel/traverse@https://registry.npmjs.org/@babel/traverse/-/traverse-7.25.7.tgz. Extracting by manifest.
330 silly tarball no local data for @babel/types@https://registry.npmjs.org/@babel/types/-/types-7.25.7.tgz. Extracting by manifest.
331 silly tarball no local data for @babel/template@https://registry.npmjs.org/@babel/template/-/template-7.25.7.tgz. Extracting by manifest.
332 silly tarball no local data for @babel/helper-module-transforms@https://registry.npmjs.org/@babel/helper-module-transforms/-/helper-module-transforms-7.25.7.tgz. Extracting by manifest.
333 silly tarball no local data for @babel/helpers@https://registry.npmjs.org/@babel/helpers/-/helpers-7.25.7.tgz. Extracting by manifest.
334 silly tarball no local data for @babel/helper-compilation-targets@https://registry.npmjs.org/@babel/helper-compilation-targets/-/helper-compilation-targets-7.25.7.tgz. Extracting by manifest.
335 silly tarball no local data for @ampproject/remapping@https://registry.npmjs.org/@ampproject/remapping/-/remapping-2.3.0.tgz. Extracting by manifest.
336 silly tarball no local data for @babel/code-frame@https://registry.npmjs.org/@babel/code-frame/-/code-frame-7.25.7.tgz. Extracting by manifest.
337 silly tarball no local data for @babel/generator@https://registry.npmjs.org/@babel/generator/-/generator-7.25.7.tgz. Extracting by manifest.
338 silly tarball no local data for @babel/preset-react@https://registry.npmjs.org/@babel/preset-react/-/preset-react-7.25.7.tgz. Extracting by manifest.
339 silly tarball no local data for @babel/core@https://registry.npmjs.org/@babel/core/-/core-7.25.7.tgz. Extracting by manifest.
340 http fetch GET 200 https://registry.npmjs.org/yallist/-/yallist-3.1.1.tgz 208ms (cache miss)
341 http fetch GET 200 https://registry.npmjs.org/escape-string-regexp/-/escape-string-regexp-1.0.5.tgz 211ms (cache miss)
342 timing reifyNode:node_modules/escape-string-regexp Completed in 238ms
343 http fetch GET 200 https://registry.npmjs.org/supports-color/-/supports-color-5.5.0.tgz 212ms (cache miss)
344 http fetch GET 200 https://registry.npmjs.org/ansi-styles/-/ansi-styles-3.2.1.tgz 210ms (cache miss)
345 http fetch GET 200 https://registry.npmjs.org/has-flag/-/has-flag-3.0.0.tgz 217ms (cache miss)
346 timing reifyNode:node_modules/has-flag Completed in 242ms
347 http fetch GET 200 https://registry.npmjs.org/to-fast-properties/-/to-fast-properties-2.0.0.tgz 211ms (cache miss)
348 timing reifyNode:node_modules/to-fast-properties Completed in 242ms
349 timing reifyNode:node_modules/ansi-styles Completed in 243ms
350 timing reifyNode:node_modules/yallist Completed in 245ms
351 http fetch GET 200 https://registry.npmjs.org/ms/-/ms-2.1.3.tgz 218ms (cache miss)
352 timing reifyNode:node_modules/ms Completed in 245ms
353 timing reifyNode:node_modules/supports-color Completed in 246ms
354 http fetch GET 200 https://registry.npmjs.org/color-name/-/color-name-1.1.3.tgz 223ms (cache miss)
355 http fetch GET 200 https://registry.npmjs.org/node-releases/-/node-releases-2.0.18.tgz 220ms (cache miss)
356 timing reifyNode:node_modules/color-name Completed in 251ms
357 http fetch GET 200 https://registry.npmjs.org/update-browserslist-db/-/update-browserslist-db-1.1.1.tgz 222ms (cache miss)
358 timing reifyNode:node_modules/node-releases Completed in 252ms
359 timing reifyNode:node_modules/update-browserslist-db Completed in 252ms
360 http fetch GET 200 https://registry.npmjs.org/escalade/-/escalade-3.2.0.tgz 233ms (cache miss)
361 timing reifyNode:node_modules/escalade Completed in 261ms
362 http fetch GET 200 https://registry.npmjs.org/electron-to-chromium/-/electron-to-chromium-1.5.32.tgz 254ms (cache miss)
363 timing reifyNode:node_modules/electron-to-chromium Completed in 283ms
364 http fetch GET 200 https://registry.npmjs.org/color-convert/-/color-convert-1.9.3.tgz 260ms (cache miss)
365 timing reifyNode:node_modules/color-convert Completed in 293ms
366 http fetch GET 200 https://registry.npmjs.org/@jridgewell/sourcemap-codec/-/sourcemap-codec-1.5.0.tgz 272ms (cache miss)
367 timing reifyNode:node_modules/@jridgewell/sourcemap-codec Completed in 307ms
368 http fetch GET 200 https://registry.npmjs.org/globals/-/globals-11.12.0.tgz 275ms (cache miss)
369 timing reifyNode:node_modules/globals Completed in 312ms
370 http fetch GET 200 https://registry.npmjs.org/chalk/-/chalk-2.4.2.tgz 299ms (cache miss)
371 timing reifyNode:node_modules/chalk Completed in 341ms
372 http fetch GET 200 https://registry.npmjs.org/@babel/helper-string-parser/-/helper-string-parser-7.25.7.tgz 315ms (cache miss)
373 timing reifyNode:node_modules/@babel/helper-string-parser Completed in 352ms
374 http fetch GET 200 https://registry.npmjs.org/@babel/plugin-transform-react-display-name/-/plugin-transform-react-display-name-7.25.7.tgz 316ms (cache miss)
375 timing reifyNode:node_modules/@babel/plugin-transform-react-display-name Completed in 356ms
376 http fetch GET 200 https://registry.npmjs.org/@jridgewell/set-array/-/set-array-1.2.1.tgz 344ms (cache miss)
377 http fetch GET 200 https://registry.npmjs.org/@babel/plugin-transform-react-jsx-development/-/plugin-transform-react-jsx-development-7.25.7.tgz 345ms (cache miss)
378 timing reifyNode:node_modules/@babel/plugin-transform-react-jsx-development Completed in 383ms
379 timing reifyNode:node_modules/@jridgewell/set-array Completed in 389ms
380 http fetch GET 200 https://registry.npmjs.org/@babel/plugin-transform-react-jsx/-/plugin-transform-react-jsx-7.25.7.tgz 368ms (cache miss)
381 timing reifyNode:node_modules/@babel/plugin-transform-react-jsx Completed in 407ms
382 http fetch GET 200 https://registry.npmjs.org/@babel/plugin-transform-react-pure-annotations/-/plugin-transform-react-pure-annotations-7.25.7.tgz 370ms (cache miss)
383 timing reifyNode:node_modules/@babel/plugin-transform-react-pure-annotations Completed in 409ms
384 http fetch GET 200 https://registry.npmjs.org/@babel/helper-annotate-as-pure/-/helper-annotate-as-pure-7.25.7.tgz 374ms (cache miss)
385 timing reifyNode:node_modules/@babel/helper-annotate-as-pure Completed in 415ms
386 http fetch GET 200 https://registry.npmjs.org/@babel/helper-plugin-utils/-/helper-plugin-utils-7.25.7.tgz 448ms (cache miss)
387 timing reifyNode:node_modules/@babel/helper-plugin-utils Completed in 491ms
388 http fetch GET 200 https://registry.npmjs.org/js-tokens/-/js-tokens-4.0.0.tgz 455ms (cache miss)
389 timing reifyNode:node_modules/js-tokens Completed in 499ms
390 http fetch GET 200 https://registry.npmjs.org/@jridgewell/resolve-uri/-/resolve-uri-3.1.2.tgz 468ms (cache miss)
391 timing reifyNode:node_modules/@jridgewell/resolve-uri Completed in 504ms
392 http fetch GET 200 https://registry.npmjs.org/@babel/helper-validator-identifier/-/helper-validator-identifier-7.25.7.tgz 498ms (cache miss)
393 timing reifyNode:node_modules/@babel/helper-validator-identifier Completed in 543ms
394 http fetch GET 200 https://registry.npmjs.org/lru-cache/-/lru-cache-5.1.1.tgz 504ms (cache miss)
395 timing reifyNode:node_modules/lru-cache Completed in 546ms
396 http fetch GET 200 https://registry.npmjs.org/jsesc/-/jsesc-3.0.2.tgz 531ms (cache miss)
397 http fetch GET 200 https://registry.npmjs.org/picocolors/-/picocolors-1.1.0.tgz 538ms (cache miss)
398 timing reifyNode:node_modules/jsesc Completed in 584ms
399 http fetch GET 200 https://registry.npmjs.org/@babel/helper-module-imports/-/helper-module-imports-7.25.7.tgz 544ms (cache miss)
400 timing reifyNode:node_modules/@babel/helper-module-imports Completed in 586ms
401 http fetch GET 200 https://registry.npmjs.org/@babel/helper-simple-access/-/helper-simple-access-7.25.7.tgz 552ms (cache miss)
402 timing reifyNode:node_modules/@babel/helper-simple-access Completed in 596ms
403 timing reifyNode:node_modules/picocolors Completed in 611ms
404 http fetch GET 200 https://registry.npmjs.org/@babel/highlight/-/highlight-7.25.7.tgz 568ms (cache miss)
405 timing reifyNode:node_modules/@babel/highlight Completed in 612ms
406 http fetch GET 200 https://registry.npmjs.org/convert-source-map/-/convert-source-map-2.0.0.tgz 573ms (cache miss)
407 timing reifyNode:node_modules/convert-source-map Completed in 621ms
408 http fetch GET 200 https://registry.npmjs.org/browserslist/-/browserslist-4.24.0.tgz 583ms (cache miss)
409 timing reifyNode:node_modules/browserslist Completed in 630ms
410 http fetch GET 200 https://registry.npmjs.org/semver/-/semver-6.3.1.tgz 586ms (cache miss)
411 timing reifyNode:node_modules/semver Completed in 633ms
412 http fetch GET 200 https://registry.npmjs.org/@jridgewell/gen-mapping/-/gen-mapping-0.3.5.tgz 588ms (cache miss)
413 http fetch GET 200 https://registry.npmjs.org/debug/-/debug-4.3.7.tgz 591ms (cache miss)
414 http fetch GET 200 https://registry.npmjs.org/gensync/-/gensync-1.0.0-beta.2.tgz 607ms (cache miss)
415 timing reifyNode:node_modules/debug Completed in 655ms
416 timing reifyNode:node_modules/gensync Completed in 656ms
417 http fetch GET 200 https://registry.npmjs.org/@jridgewell/trace-mapping/-/trace-mapping-0.3.25.tgz 615ms (cache miss)
418 timing reifyNode:node_modules/@jridgewell/trace-mapping Completed in 660ms
419 timing reifyNode:node_modules/@jridgewell/gen-mapping Completed in 661ms
420 http fetch GET 200 https://registry.npmjs.org/@babel/helper-validator-option/-/helper-validator-option-7.25.7.tgz 618ms (cache miss)
421 timing reifyNode:node_modules/@babel/helper-validator-option Completed in 666ms
422 http fetch GET 200 https://registry.npmjs.org/@babel/compat-data/-/compat-data-7.25.7.tgz 633ms (cache miss)
423 timing reifyNode:node_modules/@babel/compat-data Completed in 678ms
424 http fetch GET 200 https://registry.npmjs.org/json5/-/json5-2.2.3.tgz 641ms (cache miss)
425 timing reifyNode:node_modules/json5 Completed in 690ms
426 http fetch GET 200 https://registry.npmjs.org/@babel/helper-compilation-targets/-/helper-compilation-targets-7.25.7.tgz 737ms (cache miss)
427 timing reifyNode:node_modules/@babel/helper-compilation-targets Completed in 792ms
428 http fetch GET 200 https://registry.npmjs.org/@babel/helper-module-transforms/-/helper-module-transforms-7.25.7.tgz 774ms (cache miss)
429 timing reifyNode:node_modules/@babel/helper-module-transforms Completed in 824ms
430 http fetch GET 200 https://registry.npmjs.org/@babel/template/-/template-7.25.7.tgz 777ms (cache miss)
431 timing reifyNode:node_modules/@babel/template Completed in 827ms
432 http fetch GET 200 https://registry.npmjs.org/@babel/code-frame/-/code-frame-7.25.7.tgz 816ms (cache miss)
433 timing reifyNode:node_modules/@babel/code-frame Completed in 871ms
434 http fetch GET 200 https://registry.npmjs.org/@babel/preset-react/-/preset-react-7.25.7.tgz 816ms (cache miss)
435 timing reifyNode:node_modules/@babel/preset-react Completed in 874ms
436 http fetch GET 200 https://registry.npmjs.org/@ampproject/remapping/-/remapping-2.3.0.tgz 824ms (cache miss)
437 timing reifyNode:node_modules/@ampproject/remapping Completed in 880ms
438 http fetch GET 200 https://registry.npmjs.org/@babel/traverse/-/traverse-7.25.7.tgz 862ms (cache miss)
439 timing reifyNode:node_modules/@babel/traverse Completed in 911ms
440 http fetch GET 200 https://registry.npmjs.org/@babel/generator/-/generator-7.25.7.tgz 902ms (cache miss)
441 timing reifyNode:node_modules/@babel/generator Completed in 959ms
442 http fetch GET 200 https://registry.npmjs.org/@babel/plugin-syntax-jsx/-/plugin-syntax-jsx-7.25.7.tgz 930ms (cache miss)
443 timing reifyNode:node_modules/@babel/plugin-syntax-jsx Completed in 969ms
