0 verbose cli C:\Program Files\nodejs\node.exe C:\Users\user\cra\UsersuserAppDataRoamingnpm\node_modules\npm\bin\npm-cli.js
1 info using npm@10.8.3
2 info using node@v20.11.0
3 silly config load:file:C:\Users\user\cra\UsersuserAppDataRoamingnpm\node_modules\npm\npmrc
4 silly config load:file:C:\Users\user\cra\my-react\.npmrc
5 silly config load:file:C:\Users\user\.npmrc
6 silly config load:file:C:\Users\user\cra\UsersuserAppDataRoamingnpm\etc\npmrc
7 verbose title npm install @testing-library/jest-dom@^5.14.1 @testing-library/react@^13.0.0 @testing-library/user-event@^13.2.1 web-vitals@^2.1.0
8 verbose argv "install" "--no-audit" "--save" "@testing-library/jest-dom@^5.14.1" "@testing-library/react@^13.0.0" "@testing-library/user-event@^13.2.1" "web-vitals@^2.1.0"
9 verbose logfile logs-max:10 dir:C:\Users\user\cra\UsersuserAppDataRoamingnpm-cache\_logs\2024-09-26T12_25_07_155Z-
10 verbose logfile C:\Users\user\cra\UsersuserAppDataRoamingnpm-cache\_logs\2024-09-26T12_25_07_155Z-debug-0.log
11 silly packumentCache heap:4345298944 maxSize:1086324736 maxEntrySize:543162368
12 silly logfile start cleaning logs, removing 2 files
13 silly logfile done cleaning log files
14 silly idealTree buildDeps
15 silly fetch manifest @testing-library/jest-dom@^5.14.1
16 silly packumentCache full:https://registry.npmjs.org/@testing-library%2fjest-dom cache-miss
17 http fetch GET 200 https://registry.npmjs.org/@testing-library%2fjest-dom 863ms (cache miss)
18 silly packumentCache full:https://registry.npmjs.org/@testing-library%2fjest-dom set size:undefined disposed:false
19 silly fetch manifest @testing-library/react@^13.0.0
20 silly packumentCache full:https://registry.npmjs.org/@testing-library%2freact cache-miss
21 http fetch GET 200 https://registry.npmjs.org/@testing-library%2freact 206ms (cache miss)
22 silly packumentCache full:https://registry.npmjs.org/@testing-library%2freact set size:undefined disposed:false
23 silly fetch manifest react@^18.3.1
24 silly packumentCache full:https://registry.npmjs.org/react cache-miss
25 http fetch GET 200 https://registry.npmjs.org/react 76ms (cache hit)
26 silly packumentCache full:https://registry.npmjs.org/react set size:4981301 disposed:false
27 silly fetch manifest react-dom@^18.3.1
28 silly packumentCache full:https://registry.npmjs.org/react-dom cache-miss
29 http fetch GET 200 https://registry.npmjs.org/react-dom 28ms (cache hit)
30 silly packumentCache full:https://registry.npmjs.org/react-dom set size:6016094 disposed:false
31 silly fetch manifest @testing-library/user-event@^13.2.1
32 silly packumentCache full:https://registry.npmjs.org/@testing-library%2fuser-event cache-miss
33 http fetch GET 200 https://registry.npmjs.org/@testing-library%2fuser-event 504ms (cache miss)
34 silly packumentCache full:https://registry.npmjs.org/@testing-library%2fuser-event set size:undefined disposed:false
35 silly fetch manifest @testing-library/dom@>=7.21.4
36 silly packumentCache full:https://registry.npmjs.org/@testing-library%2fdom cache-miss
37 http fetch GET 200 https://registry.npmjs.org/@testing-library%2fdom 391ms (cache miss)
38 silly packumentCache full:https://registry.npmjs.org/@testing-library%2fdom set size:undefined disposed:false
39 silly fetch manifest web-vitals@^2.1.0
40 silly packumentCache full:https://registry.npmjs.org/web-vitals cache-miss
41 http fetch GET 200 https://registry.npmjs.org/web-vitals 140ms (cache miss)
42 silly packumentCache full:https://registry.npmjs.org/web-vitals set size:undefined disposed:false
43 silly placeDep ROOT @testing-library/jest-dom@5.17.0 OK for: my-react@0.1.0 want: ^5.14.1
44 silly placeDep ROOT @testing-library/react@13.4.0 OK for: my-react@0.1.0 want: ^13.0.0
45 silly placeDep ROOT @testing-library/user-event@13.5.0 OK for: my-react@0.1.0 want: ^13.2.1
46 silly placeDep ROOT @testing-library/dom@10.4.0 OK for: @testing-library/user-event@13.5.0 want: >=7.21.4
47 silly placeDep ROOT web-vitals@2.1.4 OK for: my-react@0.1.0 want: ^2.1.0
48 silly fetch manifest chalk@^3.0.0
49 silly packumentCache full:https://registry.npmjs.org/chalk cache-miss
50 silly fetch manifest redent@^3.0.0
51 silly packumentCache full:https://registry.npmjs.org/redent cache-miss
52 silly fetch manifest css.escape@^1.5.1
53 silly packumentCache full:https://registry.npmjs.org/css.escape cache-miss
54 silly fetch manifest @adobe/css-tools@^4.0.1
55 silly packumentCache full:https://registry.npmjs.org/@adobe%2fcss-tools cache-miss
56 silly fetch manifest dom-accessibility-api@^0.5.6
57 silly packumentCache full:https://registry.npmjs.org/dom-accessibility-api cache-miss
58 silly fetch manifest @types/testing-library__jest-dom@^5.9.1
59 silly packumentCache full:https://registry.npmjs.org/@types%2ftesting-library__jest-dom cache-miss
60 silly fetch manifest @types/react-dom@^18.0.0
61 silly packumentCache full:https://registry.npmjs.org/@types%2freact-dom cache-miss
62 silly fetch manifest @testing-library/dom@^8.5.0
63 silly packumentCache full:https://registry.npmjs.org/@testing-library%2fdom cache-miss
64 silly fetch manifest @types/aria-query@^5.0.1
65 silly packumentCache full:https://registry.npmjs.org/@types%2faria-query cache-miss
66 silly fetch manifest aria-query@5.3.0
67 silly packumentCache full:https://registry.npmjs.org/aria-query cache-miss
68 silly fetch manifest chalk@^4.1.0
69 silly packumentCache full:https://registry.npmjs.org/chalk cache-miss
70 http fetch GET 200 https://registry.npmjs.org/chalk 34ms (cache hit)
71 silly packumentCache full:https://registry.npmjs.org/chalk set size:141429 disposed:false
72 silly fetch manifest dom-accessibility-api@^0.5.9
73 silly packumentCache full:https://registry.npmjs.org/dom-accessibility-api cache-miss
74 http fetch GET 200 https://registry.npmjs.org/aria-query 39ms (cache hit)
75 silly packumentCache full:https://registry.npmjs.org/aria-query set size:98864 disposed:false
76 silly fetch manifest lz-string@^1.5.0
77 silly packumentCache full:https://registry.npmjs.org/lz-string cache-miss
78 http fetch GET 200 https://registry.npmjs.org/@testing-library%2fdom 44ms (cache hit)
79 silly packumentCache full:https://registry.npmjs.org/@testing-library%2fdom set size:1092876 disposed:false
80 http fetch GET 200 https://registry.npmjs.org/chalk 54ms (cache hit)
81 silly packumentCache full:https://registry.npmjs.org/chalk set size:141429 disposed:false
82 silly packumentCache full:https://registry.npmjs.org/chalk dispose
83 http fetch GET 200 https://registry.npmjs.org/css.escape 318ms (cache miss)
84 silly packumentCache full:https://registry.npmjs.org/css.escape set size:undefined disposed:false
85 http fetch GET 200 https://registry.npmjs.org/dom-accessibility-api 283ms (cache miss)
86 silly packumentCache full:https://registry.npmjs.org/dom-accessibility-api set size:undefined disposed:false
87 http fetch GET 200 https://registry.npmjs.org/@types%2faria-query 344ms (cache miss)
88 silly packumentCache full:https://registry.npmjs.org/@types%2faria-query set size:undefined disposed:false
89 http fetch GET 200 https://registry.npmjs.org/dom-accessibility-api 364ms (cache miss)
90 silly packumentCache full:https://registry.npmjs.org/dom-accessibility-api set size:undefined disposed:false
91 http fetch GET 200 https://registry.npmjs.org/@types%2ftesting-library__jest-dom 366ms (cache miss)
92 silly packumentCache full:https://registry.npmjs.org/@types%2ftesting-library__jest-dom set size:undefined disposed:false
93 http fetch GET 200 https://registry.npmjs.org/lz-string 353ms (cache miss)
94 silly packumentCache full:https://registry.npmjs.org/lz-string set size:undefined disposed:false
95 http fetch GET 200 https://registry.npmjs.org/@types%2freact-dom 398ms (cache miss)
96 silly packumentCache full:https://registry.npmjs.org/@types%2freact-dom set size:undefined disposed:false
97 http fetch GET 200 https://registry.npmjs.org/@adobe%2fcss-tools 526ms (cache miss)
98 silly packumentCache full:https://registry.npmjs.org/@adobe%2fcss-tools set size:undefined disposed:false
99 http fetch GET 200 https://registry.npmjs.org/redent 853ms (cache miss)
100 silly packumentCache full:https://registry.npmjs.org/redent set size:undefined disposed:false
101 silly placeDep ROOT @types/aria-query@5.0.4 OK for: @testing-library/dom@10.4.0 want: ^5.0.1
102 silly placeDep node_modules/@testing-library/dom aria-query@5.3.0 OK for: @testing-library/dom@10.4.0 want: 5.3.0
103 silly placeDep node_modules/@testing-library/dom chalk@4.1.2 OK for: @testing-library/dom@10.4.0 want: ^4.1.0
104 silly placeDep ROOT dom-accessibility-api@0.5.16 OK for: @testing-library/dom@10.4.0 want: ^0.5.9
105 silly placeDep ROOT lz-string@1.5.0 OK for: @testing-library/dom@10.4.0 want: ^1.5.0
106 silly fetch manifest dequal@^2.0.3
107 silly packumentCache full:https://registry.npmjs.org/dequal cache-miss
108 silly fetch manifest ansi-styles@^4.1.0
109 silly packumentCache full:https://registry.npmjs.org/ansi-styles cache-miss
110 silly fetch manifest supports-color@^7.1.0
111 silly packumentCache full:https://registry.npmjs.org/supports-color cache-miss
112 http fetch GET 200 https://registry.npmjs.org/supports-color 9ms (cache hit)
113 silly packumentCache full:https://registry.npmjs.org/supports-color set size:113904 disposed:false
114 http fetch GET 200 https://registry.npmjs.org/ansi-styles 13ms (cache hit)
115 silly packumentCache full:https://registry.npmjs.org/ansi-styles set size:66356 disposed:false
116 http fetch GET 200 https://registry.npmjs.org/dequal 96ms (cache miss)
117 silly packumentCache full:https://registry.npmjs.org/dequal set size:undefined disposed:false
118 silly placeDep ROOT @adobe/css-tools@4.4.0 OK for: @testing-library/jest-dom@5.17.0 want: ^4.0.1
119 silly placeDep ROOT @types/testing-library__jest-dom@5.14.9 OK for: @testing-library/jest-dom@5.17.0 want: ^5.9.1
120 silly placeDep node_modules/@testing-library/jest-dom chalk@3.0.0 OK for: @testing-library/jest-dom@5.17.0 want: ^3.0.0
121 silly placeDep ROOT css.escape@1.5.1 OK for: @testing-library/jest-dom@5.17.0 want: ^1.5.1
122 silly placeDep ROOT redent@3.0.0 OK for: @testing-library/jest-dom@5.17.0 want: ^3.0.0
123 silly fetch manifest @types/jest@*
124 silly packumentCache full:https://registry.npmjs.org/@types%2fjest cache-miss
125 silly fetch manifest indent-string@^4.0.0
126 silly packumentCache full:https://registry.npmjs.org/indent-string cache-miss
127 silly fetch manifest strip-indent@^3.0.0
128 silly packumentCache full:https://registry.npmjs.org/strip-indent cache-miss
129 http fetch GET 200 https://registry.npmjs.org/indent-string 120ms (cache miss)
130 silly packumentCache full:https://registry.npmjs.org/indent-string set size:undefined disposed:false
131 http fetch GET 200 https://registry.npmjs.org/@types%2fjest 416ms (cache miss)
132 silly packumentCache full:https://registry.npmjs.org/@types%2fjest set size:undefined disposed:false
133 http fetch GET 200 https://registry.npmjs.org/strip-indent 818ms (cache miss)
134 silly packumentCache full:https://registry.npmjs.org/strip-indent set size:undefined disposed:false
135 silly placeDep node_modules/@testing-library/react @testing-library/dom@8.20.1 OK for: @testing-library/react@13.4.0 want: ^8.5.0
136 silly placeDep ROOT @types/react-dom@18.3.0 OK for: @testing-library/react@13.4.0 want: ^18.0.0
137 silly fetch manifest @types/react@*
138 silly packumentCache full:https://registry.npmjs.org/@types%2freact cache-miss
139 http fetch GET 200 https://registry.npmjs.org/@types%2freact 338ms (cache miss)
140 silly packumentCache full:https://registry.npmjs.org/@types%2freact set size:undefined disposed:false
141 silly placeDep ROOT @types/react@18.3.9 OK for: @types/react-dom@18.3.0 want: *
142 silly fetch manifest csstype@^3.0.2
143 silly packumentCache full:https://registry.npmjs.org/csstype cache-miss
144 silly fetch manifest @types/prop-types@*
145 silly packumentCache full:https://registry.npmjs.org/@types%2fprop-types cache-miss
146 http fetch GET 200 https://registry.npmjs.org/@types%2fprop-types 155ms (cache miss)
147 silly packumentCache full:https://registry.npmjs.org/@types%2fprop-types set size:undefined disposed:false
148 http fetch GET 200 https://registry.npmjs.org/csstype 173ms (cache miss)
149 silly packumentCache full:https://registry.npmjs.org/csstype set size:undefined disposed:false
150 silly placeDep ROOT @types/prop-types@15.7.13 OK for: @types/react@18.3.9 want: *
151 silly placeDep ROOT csstype@3.1.3 OK for: @types/react@18.3.9 want: ^3.0.2
152 silly placeDep ROOT @types/jest@29.5.13 OK for: @types/testing-library__jest-dom@5.14.9 want: *
153 silly fetch manifest expect@^29.0.0
154 silly packumentCache full:https://registry.npmjs.org/expect cache-miss
155 silly fetch manifest pretty-format@^29.0.0
156 silly packumentCache full:https://registry.npmjs.org/pretty-format cache-miss
157 http fetch GET 200 https://registry.npmjs.org/expect 11ms (cache hit)
158 silly packumentCache full:https://registry.npmjs.org/expect set size:602552 disposed:false
159 http fetch GET 200 https://registry.npmjs.org/pretty-format 17ms (cache hit)
160 silly packumentCache full:https://registry.npmjs.org/pretty-format set size:568283 disposed:false
161 silly placeDep node_modules/@types/jest expect@29.7.0 OK for: @types/jest@29.5.13 want: ^29.0.0
162 silly placeDep node_modules/@types/jest pretty-format@29.7.0 OK for: @types/jest@29.5.13 want: ^29.0.0
163 silly fetch manifest jest-util@^29.7.0
164 silly packumentCache full:https://registry.npmjs.org/jest-util cache-miss
165 silly fetch manifest jest-get-type@^29.6.3
166 silly packumentCache full:https://registry.npmjs.org/jest-get-type cache-miss
167 silly fetch manifest jest-message-util@^29.7.0
168 silly packumentCache full:https://registry.npmjs.org/jest-message-util cache-miss
169 silly fetch manifest @jest/expect-utils@^29.7.0
170 silly packumentCache full:https://registry.npmjs.org/@jest%2fexpect-utils cache-miss
171 silly fetch manifest jest-matcher-utils@^29.7.0
172 silly packumentCache full:https://registry.npmjs.org/jest-matcher-utils cache-miss
173 silly fetch manifest react-is@^18.0.0
174 silly packumentCache full:https://registry.npmjs.org/react-is cache-miss
175 silly fetch manifest ansi-styles@^5.0.0
176 silly packumentCache full:https://registry.npmjs.org/ansi-styles cache-hit
177 silly fetch manifest @jest/schemas@^29.6.3
178 silly packumentCache full:https://registry.npmjs.org/@jest%2fschemas cache-miss
179 http fetch GET 200 https://registry.npmjs.org/jest-util 17ms (cache hit)
180 silly packumentCache full:https://registry.npmjs.org/jest-util set size:560743 disposed:false
181 http fetch GET 200 https://registry.npmjs.org/jest-matcher-utils 21ms (cache hit)
182 silly packumentCache full:https://registry.npmjs.org/jest-matcher-utils set size:536420 disposed:false
183 http fetch GET 200 https://registry.npmjs.org/@jest%2fschemas 24ms (cache hit)
184 silly packumentCache full:https://registry.npmjs.org/@jest%2fschemas set size:56414 disposed:false
185 http fetch GET 200 https://registry.npmjs.org/jest-get-type 28ms (cache hit)
186 silly packumentCache full:https://registry.npmjs.org/jest-get-type set size:199322 disposed:false
187 http fetch GET 200 https://registry.npmjs.org/react-is 35ms (cache hit)
188 silly packumentCache full:https://registry.npmjs.org/react-is set size:4072435 disposed:false
189 http fetch GET 200 https://registry.npmjs.org/jest-message-util 60ms (cache hit)
190 silly packumentCache full:https://registry.npmjs.org/jest-message-util set size:484970 disposed:false
191 http fetch GET 200 https://registry.npmjs.org/@jest%2fexpect-utils 170ms (cache miss)
192 silly packumentCache full:https://registry.npmjs.org/@jest%2fexpect-utils set size:undefined disposed:false
193 silly fetch manifest typescript@^3.2.1 || ^4
194 silly packumentCache full:https://registry.npmjs.org/typescript cache-miss
195 http fetch GET 200 https://registry.npmjs.org/typescript 38ms (cache hit)
196 silly packumentCache full:https://registry.npmjs.org/typescript set size:13258103 disposed:false
197 silly placeDep ROOT typescript@4.9.5 REPLACE for: react-scripts@5.0.1 want: ^3.2.1 || ^4
198 silly placeDep ROOT indent-string@4.0.0 OK for: redent@3.0.0 want: ^4.0.0
199 silly placeDep ROOT strip-indent@3.0.0 OK for: redent@3.0.0 want: ^3.0.0
200 silly fetch manifest min-indent@^1.0.0
201 silly packumentCache full:https://registry.npmjs.org/min-indent cache-miss
202 http fetch GET 200 https://registry.npmjs.org/min-indent 106ms (cache miss)
203 silly packumentCache full:https://registry.npmjs.org/min-indent set size:undefined disposed:false
204 silly placeDep ROOT min-indent@1.0.1 OK for: strip-indent@3.0.0 want: ^1.0.0
205 silly placeDep ROOT dequal@2.0.3 OK for: aria-query@5.3.0 want: ^2.0.3
206 silly placeDep node_modules/@testing-library/dom ansi-styles@4.3.0 OK for: chalk@4.1.2 want: ^4.1.0
207 silly placeDep node_modules/@testing-library/dom supports-color@7.2.0 OK for: chalk@4.1.2 want: ^7.1.0
208 silly fetch manifest color-convert@^2.0.1
209 silly packumentCache full:https://registry.npmjs.org/color-convert cache-miss
210 silly fetch manifest has-flag@^4.0.0
211 silly packumentCache full:https://registry.npmjs.org/has-flag cache-miss
212 http fetch GET 200 https://registry.npmjs.org/color-convert 14ms (cache hit)
213 silly packumentCache full:https://registry.npmjs.org/color-convert set size:61781 disposed:false
214 http fetch GET 200 https://registry.npmjs.org/has-flag 14ms (cache hit)
215 silly packumentCache full:https://registry.npmjs.org/has-flag set size:15180 disposed:false
216 silly placeDep node_modules/@testing-library/dom color-convert@2.0.1 OK for: ansi-styles@4.3.0 want: ^2.0.1
217 silly fetch manifest color-name@~1.1.4
218 silly packumentCache full:https://registry.npmjs.org/color-name cache-miss
219 http fetch GET 200 https://registry.npmjs.org/color-name 6ms (cache hit)
220 silly packumentCache full:https://registry.npmjs.org/color-name set size:16325 disposed:false
221 silly placeDep node_modules/@testing-library/dom color-name@1.1.4 OK for: color-convert@2.0.1 want: ~1.1.4
222 silly placeDep node_modules/@testing-library/dom has-flag@4.0.0 OK for: supports-color@7.2.0 want: ^4.0.0
223 silly placeDep node_modules/@testing-library/jest-dom ansi-styles@4.3.0 OK for: chalk@3.0.0 want: ^4.1.0
224 silly placeDep node_modules/@testing-library/jest-dom supports-color@7.2.0 OK for: chalk@3.0.0 want: ^7.1.0
225 silly placeDep node_modules/@testing-library/jest-dom color-convert@2.0.1 OK for: ansi-styles@4.3.0 want: ^2.0.1
226 silly placeDep node_modules/@testing-library/jest-dom color-name@1.1.4 OK for: color-convert@2.0.1 want: ~1.1.4
227 silly placeDep node_modules/@testing-library/jest-dom has-flag@4.0.0 OK for: supports-color@7.2.0 want: ^4.0.0
228 silly placeDep node_modules/@testing-library/react chalk@4.1.2 OK for: @testing-library/dom@8.20.1 want: ^4.1.0
229 silly placeDep node_modules/@testing-library/react ansi-styles@4.3.0 OK for: chalk@4.1.2 want: ^4.1.0
230 silly placeDep node_modules/@testing-library/react supports-color@7.2.0 OK for: chalk@4.1.2 want: ^7.1.0
231 silly placeDep node_modules/@testing-library/react color-convert@2.0.1 OK for: ansi-styles@4.3.0 want: ^2.0.1
232 silly placeDep node_modules/@testing-library/react color-name@1.1.4 OK for: color-convert@2.0.1 want: ~1.1.4
233 silly placeDep node_modules/@testing-library/react has-flag@4.0.0 OK for: supports-color@7.2.0 want: ^4.0.0
234 silly placeDep ROOT @jest/expect-utils@29.7.0 OK for: expect@29.7.0 want: ^29.7.0
235 silly placeDep node_modules/@types/jest jest-get-type@29.6.3 OK for: expect@29.7.0 want: ^29.6.3
236 silly placeDep node_modules/@types/jest jest-matcher-utils@29.7.0 OK for: expect@29.7.0 want: ^29.7.0
237 silly placeDep node_modules/@types/jest jest-message-util@29.7.0 OK for: expect@29.7.0 want: ^29.7.0
238 silly placeDep node_modules/@types/jest jest-util@29.7.0 OK for: expect@29.7.0 want: ^29.7.0
239 silly fetch manifest chalk@^4.0.0
240 silly packumentCache full:https://registry.npmjs.org/chalk cache-hit
241 silly fetch manifest jest-diff@^29.7.0
242 silly packumentCache full:https://registry.npmjs.org/jest-diff cache-miss
243 silly fetch manifest chalk@^4.0.0
244 silly packumentCache full:https://registry.npmjs.org/chalk cache-hit
245 silly fetch manifest @jest/types@^29.6.3
246 silly packumentCache full:https://registry.npmjs.org/@jest%2ftypes cache-miss
247 silly fetch manifest chalk@^4.0.0
248 silly packumentCache full:https://registry.npmjs.org/chalk cache-hit
249 silly fetch manifest @jest/types@^29.6.3
250 silly packumentCache full:https://registry.npmjs.org/@jest%2ftypes cache-miss
251 http fetch GET 200 https://registry.npmjs.org/jest-diff 32ms (cache hit)
252 silly packumentCache full:https://registry.npmjs.org/jest-diff set size:515410 disposed:false
253 http fetch GET 200 https://registry.npmjs.org/@jest%2ftypes 35ms (cache hit)
254 silly packumentCache full:https://registry.npmjs.org/@jest%2ftypes set size:270301 disposed:false
255 http fetch GET 200 https://registry.npmjs.org/@jest%2ftypes 38ms (cache hit)
256 silly packumentCache full:https://registry.npmjs.org/@jest%2ftypes set size:270301 disposed:false
257 silly packumentCache full:https://registry.npmjs.org/@jest%2ftypes dispose
258 silly placeDep node_modules/@jest/expect-utils jest-get-type@29.6.3 OK for: @jest/expect-utils@29.7.0 want: ^29.6.3
259 silly placeDep node_modules/@types/jest chalk@4.1.2 OK for: jest-matcher-utils@29.7.0 want: ^4.0.0
260 silly placeDep node_modules/@types/jest jest-diff@29.7.0 OK for: jest-matcher-utils@29.7.0 want: ^29.7.0
261 silly fetch manifest diff-sequences@^29.6.3
262 silly packumentCache full:https://registry.npmjs.org/diff-sequences cache-miss
263 http fetch GET 200 https://registry.npmjs.org/diff-sequences 4ms (cache hit)
264 silly packumentCache full:https://registry.npmjs.org/diff-sequences set size:178619 disposed:false
265 silly placeDep node_modules/@types/jest ansi-styles@4.3.0 OK for: chalk@4.1.2 want: ^4.1.0
266 silly placeDep node_modules/@types/jest supports-color@7.2.0 OK for: chalk@4.1.2 want: ^7.1.0
267 silly placeDep node_modules/@types/jest color-convert@2.0.1 OK for: ansi-styles@4.3.0 want: ^2.0.1
268 silly placeDep node_modules/@types/jest color-name@1.1.4 OK for: color-convert@2.0.1 want: ~1.1.4
269 silly placeDep node_modules/@types/jest diff-sequences@29.6.3 OK for: jest-diff@29.7.0 want: ^29.6.3
270 silly placeDep node_modules/@types/jest @jest/types@29.6.3 OK for: jest-message-util@29.7.0 want: ^29.6.3
271 silly fetch manifest @types/yargs@^17.0.8
272 silly packumentCache full:https://registry.npmjs.org/@types%2fyargs cache-miss
273 http fetch GET 200 https://registry.npmjs.org/@types%2fyargs 6ms (cache hit)
274 silly packumentCache full:https://registry.npmjs.org/@types%2fyargs set size:379140 disposed:false
275 silly placeDep node_modules/@types/jest @jest/schemas@29.6.3 OK for: @jest/types@29.6.3 want: ^29.6.3
276 silly placeDep node_modules/@types/jest @types/yargs@17.0.33 OK for: @jest/types@29.6.3 want: ^17.0.8
277 silly fetch manifest @sinclair/typebox@^0.27.8
278 silly packumentCache full:https://registry.npmjs.org/@sinclair%2ftypebox cache-miss
279 http fetch GET 200 https://registry.npmjs.org/@sinclair%2ftypebox 9ms (cache hit)
280 silly packumentCache full:https://registry.npmjs.org/@sinclair%2ftypebox set size:1015735 disposed:false
281 silly placeDep node_modules/@types/jest @sinclair/typebox@0.27.8 OK for: @jest/schemas@29.6.3 want: ^0.27.8
282 silly placeDep node_modules/@types/jest/node_modules/pretty-format ansi-styles@5.2.0 OK for: pretty-format@29.7.0 want: ^5.0.0
283 silly placeDep node_modules/@types/jest react-is@18.3.1 OK for: pretty-format@29.7.0 want: ^18.0.0
284 silly placeDep node_modules/@types/jest has-flag@4.0.0 OK for: supports-color@7.2.0 want: ^4.0.0
285 silly reify mark retired [
285 silly reify   'C:\\Users\\user\\cra\\my-react\\node_modules\\typescript',
285 silly reify   'C:\\Users\\user\\cra\\my-react\\node_modules\\.bin\\tsc',
285 silly reify   'C:\\Users\\user\\cra\\my-react\\node_modules\\.bin\\tsc.cmd',
285 silly reify   'C:\\Users\\user\\cra\\my-react\\node_modules\\.bin\\tsc.ps1',
285 silly reify   'C:\\Users\\user\\cra\\my-react\\node_modules\\.bin\\tsserver',
285 silly reify   'C:\\Users\\user\\cra\\my-react\\node_modules\\.bin\\tsserver.cmd',
285 silly reify   'C:\\Users\\user\\cra\\my-react\\node_modules\\.bin\\tsserver.ps1'
285 silly reify ]
286 silly reify moves {
286 silly reify   'C:\\Users\\user\\cra\\my-react\\node_modules\\typescript': 'C:\\Users\\user\\cra\\my-react\\node_modules\\.typescript-ZaPBfkcI',
286 silly reify   'C:\\Users\\user\\cra\\my-react\\node_modules\\.bin\\tsc': 'C:\\Users\\user\\cra\\my-react\\node_modules\\.bin\\.tsc-yok8Olfm',
286 silly reify   'C:\\Users\\user\\cra\\my-react\\node_modules\\.bin\\tsc.cmd': 'C:\\Users\\user\\cra\\my-react\\node_modules\\.bin\\.tsc.cmd-gkuz4Lmo',
286 silly reify   'C:\\Users\\user\\cra\\my-react\\node_modules\\.bin\\tsc.ps1': 'C:\\Users\\user\\cra\\my-react\\node_modules\\.bin\\.tsc.ps1-FvDqKTJQ',
286 silly reify   'C:\\Users\\user\\cra\\my-react\\node_modules\\.bin\\tsserver': 'C:\\Users\\user\\cra\\my-react\\node_modules\\.bin\\.tsserver-NIyleIs7',
286 silly reify   'C:\\Users\\user\\cra\\my-react\\node_modules\\.bin\\tsserver.cmd': 'C:\\Users\\user\\cra\\my-react\\node_modules\\.bin\\.tsserver.cmd-yHUj08Uv',
286 silly reify   'C:\\Users\\user\\cra\\my-react\\node_modules\\.bin\\tsserver.ps1': 'C:\\Users\\user\\cra\\my-react\\node_modules\\.bin\\.tsserver.ps1-Qh2YNVn5'
286 silly reify }
287 verbose reify failed optional dependency C:\Users\user\cra\my-react\node_modules\fsevents
288 silly reify mark deleted [ 'C:\\Users\\user\\cra\\my-react\\node_modules\\fsevents' ]
289 silly tarball no local data for strip-indent@https://registry.npmjs.org/strip-indent/-/strip-indent-3.0.0.tgz. Extracting by manifest.
290 silly tarball no local data for @jest/expect-utils@https://registry.npmjs.org/@jest/expect-utils/-/expect-utils-29.7.0.tgz. Extracting by manifest.
291 silly tarball no local data for dequal@https://registry.npmjs.org/dequal/-/dequal-2.0.3.tgz. Extracting by manifest.
292 silly tarball no local data for min-indent@https://registry.npmjs.org/min-indent/-/min-indent-1.0.1.tgz. Extracting by manifest.
293 silly tarball no local data for @types/jest@https://registry.npmjs.org/@types/jest/-/jest-29.5.13.tgz. Extracting by manifest.
294 silly tarball no local data for indent-string@https://registry.npmjs.org/indent-string/-/indent-string-4.0.0.tgz. Extracting by manifest.
295 silly tarball no local data for csstype@https://registry.npmjs.org/csstype/-/csstype-3.1.3.tgz. Extracting by manifest.
296 silly tarball no local data for @types/prop-types@https://registry.npmjs.org/@types/prop-types/-/prop-types-15.7.13.tgz. Extracting by manifest.
297 silly tarball no local data for @types/react@https://registry.npmjs.org/@types/react/-/react-18.3.9.tgz. Extracting by manifest.
298 silly tarball no local data for @types/react-dom@https://registry.npmjs.org/@types/react-dom/-/react-dom-18.3.0.tgz. Extracting by manifest.
299 silly tarball no local data for @adobe/css-tools@https://registry.npmjs.org/@adobe/css-tools/-/css-tools-4.4.0.tgz. Extracting by manifest.
300 silly tarball no local data for css.escape@https://registry.npmjs.org/css.escape/-/css.escape-1.5.1.tgz. Extracting by manifest.
301 silly tarball no local data for @types/testing-library__jest-dom@https://registry.npmjs.org/@types/testing-library__jest-dom/-/testing-library__jest-dom-5.14.9.tgz. Extracting by manifest.
302 silly tarball no local data for redent@https://registry.npmjs.org/redent/-/redent-3.0.0.tgz. Extracting by manifest.
303 silly tarball no local data for @types/aria-query@https://registry.npmjs.org/@types/aria-query/-/aria-query-5.0.4.tgz. Extracting by manifest.
304 silly tarball no local data for dom-accessibility-api@https://registry.npmjs.org/dom-accessibility-api/-/dom-accessibility-api-0.5.16.tgz. Extracting by manifest.
305 silly tarball no local data for @testing-library/user-event@https://registry.npmjs.org/@testing-library/user-event/-/user-event-13.5.0.tgz. Extracting by manifest.
306 silly tarball no local data for web-vitals@https://registry.npmjs.org/web-vitals/-/web-vitals-2.1.4.tgz. Extracting by manifest.
307 silly tarball no local data for @testing-library/dom@https://registry.npmjs.org/@testing-library/dom/-/dom-10.4.0.tgz. Extracting by manifest.
308 silly tarball no local data for lz-string@https://registry.npmjs.org/lz-string/-/lz-string-1.5.0.tgz. Extracting by manifest.
309 silly tarball no local data for typescript@https://registry.npmjs.org/typescript/-/typescript-4.9.5.tgz. Extracting by manifest.
310 silly tarball no local data for @testing-library/jest-dom@https://registry.npmjs.org/@testing-library/jest-dom/-/jest-dom-5.17.0.tgz. Extracting by manifest.
311 silly tarball no local data for @testing-library/react@https://registry.npmjs.org/@testing-library/react/-/react-13.4.0.tgz. Extracting by manifest.
312 silly tarball no local data for jest-get-type@https://registry.npmjs.org/jest-get-type/-/jest-get-type-29.6.3.tgz. Extracting by manifest.
313 silly tarball no local data for @sinclair/typebox@https://registry.npmjs.org/@sinclair/typebox/-/typebox-0.27.8.tgz. Extracting by manifest.
314 silly tarball no local data for @jest/types@https://registry.npmjs.org/@jest/types/-/types-29.6.3.tgz. Extracting by manifest.
315 silly tarball no local data for @jest/schemas@https://registry.npmjs.org/@jest/schemas/-/schemas-29.6.3.tgz. Extracting by manifest.
316 silly tarball no local data for diff-sequences@https://registry.npmjs.org/diff-sequences/-/diff-sequences-29.6.3.tgz. Extracting by manifest.
317 silly tarball no local data for jest-diff@https://registry.npmjs.org/jest-diff/-/jest-diff-29.7.0.tgz. Extracting by manifest.
318 silly tarball no local data for jest-message-util@https://registry.npmjs.org/jest-message-util/-/jest-message-util-29.7.0.tgz. Extracting by manifest.
319 silly tarball no local data for jest-util@https://registry.npmjs.org/jest-util/-/jest-util-29.7.0.tgz. Extracting by manifest.
320 silly tarball no local data for jest-get-type@https://registry.npmjs.org/jest-get-type/-/jest-get-type-29.6.3.tgz. Extracting by manifest.
321 silly tarball no local data for jest-matcher-utils@https://registry.npmjs.org/jest-matcher-utils/-/jest-matcher-utils-29.7.0.tgz. Extracting by manifest.
322 silly tarball no local data for expect@https://registry.npmjs.org/expect/-/expect-29.7.0.tgz. Extracting by manifest.
323 silly tarball no local data for pretty-format@https://registry.npmjs.org/pretty-format/-/pretty-format-29.7.0.tgz. Extracting by manifest.
324 silly tarball no local data for aria-query@https://registry.npmjs.org/aria-query/-/aria-query-5.3.0.tgz. Extracting by manifest.
325 silly tarball no local data for @testing-library/dom@https://registry.npmjs.org/@testing-library/dom/-/dom-8.20.1.tgz. Extracting by manifest.
326 silly tarball no local data for chalk@https://registry.npmjs.org/chalk/-/chalk-3.0.0.tgz. Extracting by manifest.
327 http fetch GET 200 https://registry.npmjs.org/dequal/-/dequal-2.0.3.tgz 150ms (cache miss)
328 http fetch GET 200 https://registry.npmjs.org/indent-string/-/indent-string-4.0.0.tgz 186ms (cache miss)
329 http fetch GET 200 https://registry.npmjs.org/min-indent/-/min-indent-1.0.1.tgz 189ms (cache miss)
330 http fetch GET 200 https://registry.npmjs.org/strip-indent/-/strip-indent-3.0.0.tgz 193ms (cache miss)
331 http fetch GET 200 https://registry.npmjs.org/@types/prop-types/-/prop-types-15.7.13.tgz 186ms (cache miss)
332 http fetch GET 200 https://registry.npmjs.org/@jest/expect-utils/-/expect-utils-29.7.0.tgz 201ms (cache miss)
333 http fetch GET 200 https://registry.npmjs.org/@types/jest/-/jest-29.5.13.tgz 234ms (cache miss)
334 http fetch GET 200 https://registry.npmjs.org/csstype/-/csstype-3.1.3.tgz 238ms (cache miss)
335 http fetch GET 200 https://registry.npmjs.org/@types/react/-/react-18.3.9.tgz 238ms (cache miss)
336 http fetch GET 200 https://registry.npmjs.org/lz-string/-/lz-string-1.5.0.tgz 318ms (cache miss)
337 http fetch GET 200 https://registry.npmjs.org/jest-get-type/-/jest-get-type-29.6.3.tgz 328ms (cache miss)
338 http fetch GET 200 https://registry.npmjs.org/dom-accessibility-api/-/dom-accessibility-api-0.5.16.tgz 337ms (cache miss)
339 http fetch GET 200 https://registry.npmjs.org/web-vitals/-/web-vitals-2.1.4.tgz 408ms (cache miss)
340 http fetch GET 200 https://registry.npmjs.org/redent/-/redent-3.0.0.tgz 412ms (cache miss)
341 http fetch GET 200 https://registry.npmjs.org/@testing-library/user-event/-/user-event-13.5.0.tgz 465ms (cache miss)
342 http fetch GET 200 https://registry.npmjs.org/@sinclair/typebox/-/typebox-0.27.8.tgz 475ms (cache miss)
343 http fetch GET 200 https://registry.npmjs.org/@types/aria-query/-/aria-query-5.0.4.tgz 501ms (cache miss)
344 http fetch GET 200 https://registry.npmjs.org/@testing-library/jest-dom/-/jest-dom-5.17.0.tgz 542ms (cache miss)
345 http fetch GET 200 https://registry.npmjs.org/css.escape/-/css.escape-1.5.1.tgz 562ms (cache miss)
346 http fetch GET 200 https://registry.npmjs.org/@adobe/css-tools/-/css-tools-4.4.0.tgz 568ms (cache miss)
347 http fetch GET 200 https://registry.npmjs.org/diff-sequences/-/diff-sequences-29.6.3.tgz 573ms (cache miss)
348 http fetch GET 200 https://registry.npmjs.org/@types/testing-library__jest-dom/-/testing-library__jest-dom-5.14.9.tgz 588ms (cache miss)
349 http fetch GET 200 https://registry.npmjs.org/@types/react-dom/-/react-dom-18.3.0.tgz 593ms (cache miss)
350 http fetch GET 200 https://registry.npmjs.org/@jest/types/-/types-29.6.3.tgz 585ms (cache miss)
351 http fetch GET 200 https://registry.npmjs.org/jest-diff/-/jest-diff-29.7.0.tgz 588ms (cache miss)
352 http fetch GET 200 https://registry.npmjs.org/jest-util/-/jest-util-29.7.0.tgz 714ms (cache miss)
353 http fetch GET 200 https://registry.npmjs.org/jest-message-util/-/jest-message-util-29.7.0.tgz 717ms (cache miss)
354 http fetch GET 200 https://registry.npmjs.org/jest-get-type/-/jest-get-type-29.6.3.tgz 770ms (cache miss)
355 http fetch GET 200 https://registry.npmjs.org/@jest/schemas/-/schemas-29.6.3.tgz 777ms (cache miss)
356 http fetch GET 200 https://registry.npmjs.org/jest-matcher-utils/-/jest-matcher-utils-29.7.0.tgz 782ms (cache miss)
357 http fetch GET 200 https://registry.npmjs.org/@testing-library/dom/-/dom-10.4.0.tgz 818ms (cache miss)
358 http fetch GET 200 https://registry.npmjs.org/expect/-/expect-29.7.0.tgz 833ms (cache miss)
359 http fetch GET 200 https://registry.npmjs.org/chalk/-/chalk-3.0.0.tgz 842ms (cache miss)
360 http fetch GET 200 https://registry.npmjs.org/pretty-format/-/pretty-format-29.7.0.tgz 860ms (cache miss)
361 http fetch GET 200 https://registry.npmjs.org/aria-query/-/aria-query-5.3.0.tgz 1004ms (cache miss)
362 http fetch GET 200 https://registry.npmjs.org/@testing-library/react/-/react-13.4.0.tgz 1041ms (cache miss)
363 http fetch GET 200 https://registry.npmjs.org/@testing-library/dom/-/dom-8.20.1.tgz 1300ms (cache miss)
364 http fetch GET 200 https://registry.npmjs.org/typescript/-/typescript-4.9.5.tgz 4551ms (cache miss)
365 silly ADD node_modules/@jest/expect-utils
366 silly ADD node_modules/@jest/expect-utils/node_modules/jest-get-type
367 silly ADD node_modules/dequal
368 silly ADD node_modules/min-indent
369 silly ADD node_modules/strip-indent
370 silly ADD node_modules/indent-string
371 silly ADD node_modules/@types/jest
372 silly ADD node_modules/@types/jest/node_modules/has-flag
373 silly ADD node_modules/@types/jest/node_modules/react-is
374 silly ADD node_modules/@types/jest/node_modules/@sinclair/typebox
375 silly ADD node_modules/@types/jest/node_modules/@types/yargs
376 silly ADD node_modules/@types/jest/node_modules/@jest/schemas
377 silly ADD node_modules/@types/jest/node_modules/@jest/types
378 silly ADD node_modules/@types/jest/node_modules/diff-sequences
379 silly ADD node_modules/@types/jest/node_modules/color-name
380 silly ADD node_modules/@types/jest/node_modules/color-convert
381 silly ADD node_modules/@types/jest/node_modules/supports-color
382 silly ADD node_modules/@types/jest/node_modules/ansi-styles
383 silly ADD node_modules/@types/jest/node_modules/jest-diff
384 silly ADD node_modules/@types/jest/node_modules/chalk
385 silly ADD node_modules/@types/jest/node_modules/jest-util
386 silly ADD node_modules/@types/jest/node_modules/jest-message-util
387 silly ADD node_modules/@types/jest/node_modules/jest-matcher-utils
388 silly ADD node_modules/@types/jest/node_modules/jest-get-type
389 silly ADD node_modules/@types/jest/node_modules/pretty-format
390 silly ADD node_modules/@types/jest/node_modules/pretty-format/node_modules/ansi-styles
391 silly ADD node_modules/@types/jest/node_modules/expect
392 silly ADD node_modules/csstype
393 silly ADD node_modules/@types/prop-types
394 silly ADD node_modules/@types/react
395 silly ADD node_modules/@types/react-dom
396 silly ADD node_modules/redent
397 silly ADD node_modules/css.escape
398 silly ADD node_modules/@types/testing-library__jest-dom
399 silly ADD node_modules/@adobe/css-tools
400 silly ADD node_modules/lz-string
401 silly ADD node_modules/dom-accessibility-api
402 silly ADD node_modules/@types/aria-query
403 silly ADD node_modules/web-vitals
404 silly ADD node_modules/@testing-library/dom
405 silly ADD node_modules/@testing-library/dom/node_modules/has-flag
406 silly ADD node_modules/@testing-library/dom/node_modules/color-name
407 silly ADD node_modules/@testing-library/dom/node_modules/color-convert
408 silly ADD node_modules/@testing-library/dom/node_modules/supports-color
409 silly ADD node_modules/@testing-library/dom/node_modules/ansi-styles
410 silly ADD node_modules/@testing-library/dom/node_modules/chalk
411 silly ADD node_modules/@testing-library/dom/node_modules/aria-query
412 silly ADD node_modules/@testing-library/user-event
413 silly ADD node_modules/@testing-library/react
414 silly ADD node_modules/@testing-library/react/node_modules/has-flag
415 silly ADD node_modules/@testing-library/react/node_modules/color-name
416 silly ADD node_modules/@testing-library/react/node_modules/color-convert
417 silly ADD node_modules/@testing-library/react/node_modules/supports-color
418 silly ADD node_modules/@testing-library/react/node_modules/ansi-styles
419 silly ADD node_modules/@testing-library/react/node_modules/chalk
420 silly ADD node_modules/@testing-library/react/node_modules/@testing-library/dom
421 silly ADD node_modules/@testing-library/jest-dom
422 silly ADD node_modules/@testing-library/jest-dom/node_modules/has-flag
423 silly ADD node_modules/@testing-library/jest-dom/node_modules/color-name
424 silly ADD node_modules/@testing-library/jest-dom/node_modules/color-convert
425 silly ADD node_modules/@testing-library/jest-dom/node_modules/supports-color
426 silly ADD node_modules/@testing-library/jest-dom/node_modules/ansi-styles
427 silly ADD node_modules/@testing-library/jest-dom/node_modules/chalk
428 silly ADD
429 silly CHANGE node_modules/typescript
430 verbose cwd C:\Users\user\cra\my-react
431 verbose os Windows_NT 10.0.22631
432 verbose node v20.11.0
433 verbose npm  v10.8.3
434 verbose exit 0
435 info ok
