0 verbose cli C:\Program Files\nodejs\node.exe C:\npm-global\node_modules\npm\bin\npm-cli.js
1 info using npm@10.9.0
2 info using node@v20.11.0
3 silly config load:file:C:\npm-global\node_modules\npm\npmrc
4 silly config load:file:C:\Users\user\pw2if31\latihan-react-wilfridasisilia\.npmrc
5 silly config load:file:C:\Users\user\.npmrc
6 silly config load:file:C:\npm-global\etc\npmrc
7 verbose title npm exec create-next-app latihan-api
8 verbose argv "exec" "--" "create-next-app" "latihan-api"
9 verbose logfile logs-max:10 dir:C:\Users\user\pw2if31\latihan-react-wilfridasisilia\UsersuserAppDataRoamingnpm-cache\_logs\2024-10-14T11_41_23_247Z-
10 verbose logfile C:\Users\user\pw2if31\latihan-react-wilfridasisilia\UsersuserAppDataRoamingnpm-cache\_logs\2024-10-14T11_41_23_247Z-debug-0.log
11 silly logfile done cleaning log files
12 silly packumentCache heap:4345298944 maxSize:1086324736 maxEntrySize:543162368
13 http fetch GET 200 https://registry.npmjs.org/npm 510ms
14 http fetch GET 200 https://registry.npmjs.org/create-next-app 651ms (cache miss)
15 silly packumentCache heap:4345298944 maxSize:1086324736 maxEntrySize:543162368
16 silly packumentCache heap:4345298944 maxSize:1086324736 maxEntrySize:543162368
17 silly idealTree buildDeps
18 silly fetch manifest create-next-app@14.2.15
19 silly packumentCache full:https://registry.npmjs.org/create-next-app cache-miss
20 http fetch GET 200 https://registry.npmjs.org/create-next-app 404ms (cache miss)
21 silly packumentCache full:https://registry.npmjs.org/create-next-app set size:undefined disposed:false
22 silly placeDep ROOT create-next-app@14.2.15 OK for:  want: 14.2.15
23 silly reify moves {}
24 silly audit bulk request { 'create-next-app': [ '14.2.15' ] }
25 silly tarball no local data for create-next-app@https://registry.npmjs.org/create-next-app/-/create-next-app-14.2.15.tgz. Extracting by manifest.
26 http fetch POST 200 https://registry.npmjs.org/-/npm/v1/security/advisories/bulk 314ms
27 silly audit report {}
28 http fetch GET 200 https://registry.npmjs.org/create-next-app/-/create-next-app-14.2.15.tgz 414ms (cache miss)
29 verbose cwd C:\Users\user\pw2if31\latihan-react-wilfridasisilia
30 verbose os Windows_NT 10.0.22631
31 verbose node v20.11.0
32 verbose npm  v10.9.0
33 verbose exit 0
34 info ok
