0 verbose cli C:\Program Files\nodejs\node.exe C:\Program Files\nodejs\node_modules\npm\bin\npm-cli.js
1 info using npm@10.2.4
2 info using node@v20.11.0
3 timing npm:load:whichnode Completed in 3ms
4 timing config:load:defaults Completed in 4ms
5 timing config:load:file:C:\Program Files\nodejs\node_modules\npm\npmrc Completed in 8ms
6 timing config:load:builtin Completed in 9ms
7 timing config:load:cli Completed in 3ms
8 timing config:load:env Completed in 0ms
9 timing config:load:file:C:\Users\user\pw2if31\latihan-react-wilfridasisilia\.npmrc Completed in 0ms
10 timing config:load:project Completed in 3ms
11 timing config:load:file:C:\Users\user\.npmrc Completed in 1ms
12 timing config:load:user Completed in 2ms
13 timing config:load:file:C:\Users\user\pw2if31\latihan-react-wilfridasisilia\UsersuserAppDataRoamingnpm\etc\npmrc Completed in 0ms
14 timing config:load:global Completed in 0ms
15 timing config:load:setEnvs Completed in 2ms
16 timing config:load Completed in 24ms
17 timing npm:load:configload Completed in 24ms
18 timing config:load:flatten Completed in 3ms
19 timing npm:load:mkdirpcache Completed in 1ms
20 timing npm:load:mkdirplogs Completed in 1ms
21 verbose title npm exec create-react-app react-admin
22 verbose argv "exec" "--" "create-react-app" "react-admin"
23 timing npm:load:setTitle Completed in 1ms
24 timing npm:load:display Completed in 1ms
25 verbose logfile logs-max:10 dir:C:\Users\user\pw2if31\latihan-react-wilfridasisilia\UsersuserAppDataRoamingnpm-cache\_logs\2024-10-03T13_08_31_794Z-
26 verbose logfile C:\Users\user\pw2if31\latihan-react-wilfridasisilia\UsersuserAppDataRoamingnpm-cache\_logs\2024-10-03T13_08_31_794Z-debug-0.log
27 timing npm:load:logFile Completed in 21ms
28 timing npm:load:timers Completed in 0ms
29 timing npm:load:configScope Completed in 0ms
30 timing npm:load Completed in 108ms
31 silly logfile done cleaning log files
32 timing arborist:ctor Completed in 1ms
33 http fetch GET 200 https://registry.npmjs.org/create-react-app 288ms (cache revalidated)
34 timing arborist:ctor Completed in 1ms
35 timing command:exec Completed in 353ms
36 verbose stack Error: ENOENT: no such file or directory, lstat 'C:\Users\user\pw2if31\latihan-react-wilfridasisilia\UsersuserAppDataRoamingnpm'
37 verbose cwd C:\Users\user\pw2if31\latihan-react-wilfridasisilia
38 verbose Windows_NT 10.0.22631
39 verbose node v20.11.0
40 verbose npm  v10.2.4
41 error code ENOENT
42 error syscall lstat
43 error path C:\Users\user\pw2if31\latihan-react-wilfridasisilia\UsersuserAppDataRoamingnpm
44 error errno -4058
45 error enoent ENOENT: no such file or directory, lstat 'C:\Users\user\pw2if31\latihan-react-wilfridasisilia\UsersuserAppDataRoamingnpm'
46 error enoent This is related to npm not being able to find a file.
46 error enoent
47 verbose exit -4058
48 timing npm Completed in 742ms
49 verbose code -4058
50 error A complete log of this run can be found in: C:\Users\user\pw2if31\latihan-react-wilfridasisilia\UsersuserAppDataRoamingnpm-cache\_logs\2024-10-03T13_08_31_794Z-debug-0.log
